(StartupInfoLogger.java:53) - Starting UnderTheKoreaApplication using Java 17.0.12 with PID 8412 (C:\Users\windows10\git\UnderTheKorea\bin\main started by windows10 in C:\Users\windows10\git\UnderTheKorea)
(StartupInfoLogger.java:54) - Running with Spring Boot v3.4.5, Spring v6.2.6
(SpringApplication.java:652) - No active profile set, falling back to 1 default profile: "default"
(TomcatWebServer.java:111) - Tomcat initialized with port 80 (http)
(DirectJDKLog.java:168) - Initializing ProtocolHandler ["http-nio-80"]
(DirectJDKLog.java:168) - Starting service [Tomcat]
(DirectJDKLog.java:168) - Starting Servlet engine: [Apache Tomcat/10.1.40]
(DirectJDKLog.java:168) - Initializing Spring embedded WebApplicationContext
(ServletWebServerApplicationContext.java:301) - Root WebApplicationContext: initialization completed in 945 ms
(WelcomePageHandlerMapping.java:59) - Adding welcome page: class path resource [static/index.html]
(DirectJDKLog.java:168) - Starting ProtocolHandler ["http-nio-80"]
(TomcatWebServer.java:243) - Tomcat started on port 80 (http) with context path '/'
(StartupInfoLogger.java:59) - Started UnderTheKoreaApplication in 1.751 seconds (process running for 2.336)
(DirectJDKLog.java:168) - Initializing Spring DispatcherServlet 'dispatcherServlet'
(FrameworkServlet.java:532) - Initializing Servlet 'dispatcherServlet'
(FrameworkServlet.java:554) - Completed initialization in 0 ms
(PostServiceImpl.java:55) - ┌───────────────────────────────────
(PostServiceImpl.java:56) - │ 게시물 service : 포스팅 불러오기 
(PostServiceImpl.java:57) - └───────────────────────────────────
(PostServiceImpl.java:59) - ┌ 1. 카테고리 : 경제
(PostServiceImpl.java:60) - │ 2. pageNo : 0
(HikariDataSource.java:109) - HikariPool-1 - Starting...
(DirectJDKLog.java:170) - Servlet.service() for servlet [dispatcherServlet] in context with path [] threw exception [Request processing failed: org.mybatis.spring.MyBatisSystemException] with root cause
java.net.SocketTimeoutException: Connect timed out
	at java.base/sun.nio.ch.NioSocketImpl.timedFinishConnect(NioSocketImpl.java:551) ~[?:?]
	at java.base/sun.nio.ch.NioSocketImpl.connect(NioSocketImpl.java:602) ~[?:?]
	at java.base/java.net.SocksSocketImpl.connect(SocksSocketImpl.java:327) ~[?:?]
	at java.base/java.net.Socket.connect(Socket.java:633) ~[?:?]
	at org.postgresql.core.PGStream.createSocket(PGStream.java:260) ~[postgresql-42.7.5.jar:42.7.5]
	at org.postgresql.core.PGStream.<init>(PGStream.java:121) ~[postgresql-42.7.5.jar:42.7.5]
	at org.postgresql.core.v3.ConnectionFactoryImpl.tryConnect(ConnectionFactoryImpl.java:140) ~[postgresql-42.7.5.jar:42.7.5]
	at org.postgresql.core.v3.ConnectionFactoryImpl.openConnectionImpl(ConnectionFactoryImpl.java:268) ~[postgresql-42.7.5.jar:42.7.5]
	at org.postgresql.core.ConnectionFactory.openConnection(ConnectionFactory.java:54) ~[postgresql-42.7.5.jar:42.7.5]
	at org.postgresql.jdbc.PgConnection.<init>(PgConnection.java:273) ~[postgresql-42.7.5.jar:42.7.5]
	at org.postgresql.Driver.makeConnection(Driver.java:446) ~[postgresql-42.7.5.jar:42.7.5]
	at org.postgresql.Driver.connect(Driver.java:298) ~[postgresql-42.7.5.jar:42.7.5]
	at com.zaxxer.hikari.util.DriverDataSource.getConnection(DriverDataSource.java:137) ~[HikariCP-5.1.0.jar:?]
	at com.zaxxer.hikari.pool.PoolBase.newConnection(PoolBase.java:360) ~[HikariCP-5.1.0.jar:?]
	at com.zaxxer.hikari.pool.PoolBase.newPoolEntry(PoolBase.java:202) ~[HikariCP-5.1.0.jar:?]
	at com.zaxxer.hikari.pool.HikariPool.createPoolEntry(HikariPool.java:461) ~[HikariCP-5.1.0.jar:?]
	at com.zaxxer.hikari.pool.HikariPool.checkFailFast(HikariPool.java:550) ~[HikariCP-5.1.0.jar:?]
	at com.zaxxer.hikari.pool.HikariPool.<init>(HikariPool.java:98) ~[HikariCP-5.1.0.jar:?]
	at com.zaxxer.hikari.HikariDataSource.getConnection(HikariDataSource.java:111) ~[HikariCP-5.1.0.jar:?]
	at org.springframework.jdbc.datasource.DataSourceUtils.fetchConnection(DataSourceUtils.java:160) ~[spring-jdbc-6.2.6.jar:6.2.6]
	at org.springframework.jdbc.datasource.DataSourceUtils.doGetConnection(DataSourceUtils.java:118) ~[spring-jdbc-6.2.6.jar:6.2.6]
	at org.springframework.jdbc.datasource.DataSourceUtils.getConnection(DataSourceUtils.java:81) ~[spring-jdbc-6.2.6.jar:6.2.6]
	at org.mybatis.spring.transaction.SpringManagedTransaction.openConnection(SpringManagedTransaction.java:80) ~[mybatis-spring-3.0.3.jar:3.0.3]
	at org.mybatis.spring.transaction.SpringManagedTransaction.getConnection(SpringManagedTransaction.java:67) ~[mybatis-spring-3.0.3.jar:3.0.3]
	at org.apache.ibatis.executor.BaseExecutor.getConnection(BaseExecutor.java:348) ~[mybatis-3.5.14.jar:3.5.14]
	at org.apache.ibatis.executor.SimpleExecutor.prepareStatement(SimpleExecutor.java:89) ~[mybatis-3.5.14.jar:3.5.14]
	at org.apache.ibatis.executor.SimpleExecutor.doQuery(SimpleExecutor.java:64) ~[mybatis-3.5.14.jar:3.5.14]
	at org.apache.ibatis.executor.BaseExecutor.queryFromDatabase(BaseExecutor.java:336) ~[mybatis-3.5.14.jar:3.5.14]
	at org.apache.ibatis.executor.BaseExecutor.query(BaseExecutor.java:158) ~[mybatis-3.5.14.jar:3.5.14]
	at org.apache.ibatis.executor.CachingExecutor.query(CachingExecutor.java:110) ~[mybatis-3.5.14.jar:3.5.14]
	at org.apache.ibatis.executor.CachingExecutor.query(CachingExecutor.java:90) ~[mybatis-3.5.14.jar:3.5.14]
	at org.apache.ibatis.session.defaults.DefaultSqlSession.selectList(DefaultSqlSession.java:154) ~[mybatis-3.5.14.jar:3.5.14]
	at org.apache.ibatis.session.defaults.DefaultSqlSession.selectList(DefaultSqlSession.java:147) ~[mybatis-3.5.14.jar:3.5.14]
	at org.apache.ibatis.session.defaults.DefaultSqlSession.selectList(DefaultSqlSession.java:142) ~[mybatis-3.5.14.jar:3.5.14]
	at java.base/jdk.internal.reflect.NativeMethodAccessorImpl.invoke0(Native Method) ~[?:?]
	at java.base/jdk.internal.reflect.NativeMethodAccessorImpl.invoke(NativeMethodAccessorImpl.java:77) ~[?:?]
	at java.base/jdk.internal.reflect.DelegatingMethodAccessorImpl.invoke(DelegatingMethodAccessorImpl.java:43) ~[?:?]
	at java.base/java.lang.reflect.Method.invoke(Method.java:568) ~[?:?]
	at org.mybatis.spring.SqlSessionTemplate$SqlSessionInterceptor.invoke(SqlSessionTemplate.java:425) ~[mybatis-spring-3.0.3.jar:3.0.3]
	at jdk.proxy2/jdk.proxy2.$Proxy76.selectList(Unknown Source) ~[?:?]
	at org.mybatis.spring.SqlSessionTemplate.selectList(SqlSessionTemplate.java:224) ~[mybatis-spring-3.0.3.jar:3.0.3]
	at org.apache.ibatis.binding.MapperMethod.executeForMany(MapperMethod.java:147) ~[mybatis-3.5.14.jar:3.5.14]
	at org.apache.ibatis.binding.MapperMethod.execute(MapperMethod.java:80) ~[mybatis-3.5.14.jar:3.5.14]
	at org.apache.ibatis.binding.MapperProxy$PlainMethodInvoker.invoke(MapperProxy.java:141) ~[mybatis-3.5.14.jar:3.5.14]
	at org.apache.ibatis.binding.MapperProxy.invoke(MapperProxy.java:86) ~[mybatis-3.5.14.jar:3.5.14]
	at jdk.proxy2/jdk.proxy2.$Proxy81.loadPosts(Unknown Source) ~[?:?]
	at com.UnderTheKorea.web.service.PostServiceImpl.loadPosts(PostServiceImpl.java:62) ~[main/:?]
	at com.UnderTheKorea.web.controller.PostController.loadPosts(PostController.java:32) ~[main/:?]
	at java.base/jdk.internal.reflect.NativeMethodAccessorImpl.invoke0(Native Method) ~[?:?]
	at java.base/jdk.internal.reflect.NativeMethodAccessorImpl.invoke(NativeMethodAccessorImpl.java:77) ~[?:?]
	at java.base/jdk.internal.reflect.DelegatingMethodAccessorImpl.invoke(DelegatingMethodAccessorImpl.java:43) ~[?:?]
	at java.base/java.lang.reflect.Method.invoke(Method.java:568) ~[?:?]
	at org.springframework.web.method.support.InvocableHandlerMethod.doInvoke(InvocableHandlerMethod.java:258) ~[spring-web-6.2.6.jar:6.2.6]
	at org.springframework.web.method.support.InvocableHandlerMethod.invokeForRequest(InvocableHandlerMethod.java:191) ~[spring-web-6.2.6.jar:6.2.6]
	at org.springframework.web.servlet.mvc.method.annotation.ServletInvocableHandlerMethod.invokeAndHandle(ServletInvocableHandlerMethod.java:118) ~[spring-webmvc-6.2.6.jar:6.2.6]
	at org.springframework.web.servlet.mvc.method.annotation.RequestMappingHandlerAdapter.invokeHandlerMethod(RequestMappingHandlerAdapter.java:986) ~[spring-webmvc-6.2.6.jar:6.2.6]
	at org.springframework.web.servlet.mvc.method.annotation.RequestMappingHandlerAdapter.handleInternal(RequestMappingHandlerAdapter.java:891) ~[spring-webmvc-6.2.6.jar:6.2.6]
	at org.springframework.web.servlet.mvc.method.AbstractHandlerMethodAdapter.handle(AbstractHandlerMethodAdapter.java:87) ~[spring-webmvc-6.2.6.jar:6.2.6]
	at org.springframework.web.servlet.DispatcherServlet.doDispatch(DispatcherServlet.java:1089) ~[spring-webmvc-6.2.6.jar:6.2.6]
	at org.springframework.web.servlet.DispatcherServlet.doService(DispatcherServlet.java:979) ~[spring-webmvc-6.2.6.jar:6.2.6]
	at org.springframework.web.servlet.FrameworkServlet.processRequest(FrameworkServlet.java:1014) ~[spring-webmvc-6.2.6.jar:6.2.6]
	at org.springframework.web.servlet.FrameworkServlet.doGet(FrameworkServlet.java:903) ~[spring-webmvc-6.2.6.jar:6.2.6]
	at jakarta.servlet.http.HttpServlet.service(HttpServlet.java:564) ~[tomcat-embed-core-10.1.40.jar:6.0]
	at org.springframework.web.servlet.FrameworkServlet.service(FrameworkServlet.java:885) ~[spring-webmvc-6.2.6.jar:6.2.6]
	at jakarta.servlet.http.HttpServlet.service(HttpServlet.java:658) ~[tomcat-embed-core-10.1.40.jar:6.0]
	at org.apache.catalina.core.ApplicationFilterChain.internalDoFilter(ApplicationFilterChain.java:195) ~[tomcat-embed-core-10.1.40.jar:10.1.40]
	at org.apache.catalina.core.ApplicationFilterChain.doFilter(ApplicationFilterChain.java:140) ~[tomcat-embed-core-10.1.40.jar:10.1.40]
	at org.apache.tomcat.websocket.server.WsFilter.doFilter(WsFilter.java:51) ~[tomcat-embed-websocket-10.1.40.jar:10.1.40]
	at org.apache.catalina.core.ApplicationFilterChain.internalDoFilter(ApplicationFilterChain.java:164) ~[tomcat-embed-core-10.1.40.jar:10.1.40]
	at org.apache.catalina.core.ApplicationFilterChain.doFilter(ApplicationFilterChain.java:140) ~[tomcat-embed-core-10.1.40.jar:10.1.40]
	at org.springframework.web.filter.RequestContextFilter.doFilterInternal(RequestContextFilter.java:100) ~[spring-web-6.2.6.jar:6.2.6]
	at org.springframework.web.filter.OncePerRequestFilter.doFilter(OncePerRequestFilter.java:116) ~[spring-web-6.2.6.jar:6.2.6]
	at org.apache.catalina.core.ApplicationFilterChain.internalDoFilter(ApplicationFilterChain.java:164) ~[tomcat-embed-core-10.1.40.jar:10.1.40]
	at org.apache.catalina.core.ApplicationFilterChain.doFilter(ApplicationFilterChain.java:140) ~[tomcat-embed-core-10.1.40.jar:10.1.40]
	at org.springframework.web.filter.FormContentFilter.doFilterInternal(FormContentFilter.java:93) ~[spring-web-6.2.6.jar:6.2.6]
	at org.springframework.web.filter.OncePerRequestFilter.doFilter(OncePerRequestFilter.java:116) ~[spring-web-6.2.6.jar:6.2.6]
	at org.apache.catalina.core.ApplicationFilterChain.internalDoFilter(ApplicationFilterChain.java:164) ~[tomcat-embed-core-10.1.40.jar:10.1.40]
	at org.apache.catalina.core.ApplicationFilterChain.doFilter(ApplicationFilterChain.java:140) ~[tomcat-embed-core-10.1.40.jar:10.1.40]
	at org.springframework.web.filter.CharacterEncodingFilter.doFilterInternal(CharacterEncodingFilter.java:201) ~[spring-web-6.2.6.jar:6.2.6]
	at org.springframework.web.filter.OncePerRequestFilter.doFilter(OncePerRequestFilter.java:116) ~[spring-web-6.2.6.jar:6.2.6]
	at org.apache.catalina.core.ApplicationFilterChain.internalDoFilter(ApplicationFilterChain.java:164) ~[tomcat-embed-core-10.1.40.jar:10.1.40]
	at org.apache.catalina.core.ApplicationFilterChain.doFilter(ApplicationFilterChain.java:140) ~[tomcat-embed-core-10.1.40.jar:10.1.40]
	at org.apache.catalina.core.StandardWrapperValve.invoke(StandardWrapperValve.java:167) [tomcat-embed-core-10.1.40.jar:10.1.40]
	at org.apache.catalina.core.StandardContextValve.invoke(StandardContextValve.java:90) [tomcat-embed-core-10.1.40.jar:10.1.40]
	at org.apache.catalina.authenticator.AuthenticatorBase.invoke(AuthenticatorBase.java:483) [tomcat-embed-core-10.1.40.jar:10.1.40]
	at org.apache.catalina.core.StandardHostValve.invoke(StandardHostValve.java:116) [tomcat-embed-core-10.1.40.jar:10.1.40]
	at org.apache.catalina.valves.ErrorReportValve.invoke(ErrorReportValve.java:93) [tomcat-embed-core-10.1.40.jar:10.1.40]
	at org.apache.catalina.core.StandardEngineValve.invoke(StandardEngineValve.java:74) [tomcat-embed-core-10.1.40.jar:10.1.40]
	at org.apache.catalina.connector.CoyoteAdapter.service(CoyoteAdapter.java:344) [tomcat-embed-core-10.1.40.jar:10.1.40]
	at org.apache.coyote.http11.Http11Processor.service(Http11Processor.java:398) [tomcat-embed-core-10.1.40.jar:10.1.40]
	at org.apache.coyote.AbstractProcessorLight.process(AbstractProcessorLight.java:63) [tomcat-embed-core-10.1.40.jar:10.1.40]
	at org.apache.coyote.AbstractProtocol$ConnectionHandler.process(AbstractProtocol.java:903) [tomcat-embed-core-10.1.40.jar:10.1.40]
	at org.apache.tomcat.util.net.NioEndpoint$SocketProcessor.doRun(NioEndpoint.java:1740) [tomcat-embed-core-10.1.40.jar:10.1.40]
	at org.apache.tomcat.util.net.SocketProcessorBase.run(SocketProcessorBase.java:52) [tomcat-embed-core-10.1.40.jar:10.1.40]
	at org.apache.tomcat.util.threads.ThreadPoolExecutor.runWorker(ThreadPoolExecutor.java:1189) [tomcat-embed-core-10.1.40.jar:10.1.40]
	at org.apache.tomcat.util.threads.ThreadPoolExecutor$Worker.run(ThreadPoolExecutor.java:658) [tomcat-embed-core-10.1.40.jar:10.1.40]
	at org.apache.tomcat.util.threads.TaskThread$WrappingRunnable.run(TaskThread.java:63) [tomcat-embed-core-10.1.40.jar:10.1.40]
	at java.base/java.lang.Thread.run(Thread.java:842) [?:?]
(PostServiceImpl.java:55) - ┌───────────────────────────────────
(PostServiceImpl.java:56) - │ 게시물 service : 포스팅 불러오기 
(PostServiceImpl.java:57) - └───────────────────────────────────
(PostServiceImpl.java:59) - ┌ 1. 카테고리 : 정치
(PostServiceImpl.java:60) - │ 2. pageNo : 0
(HikariDataSource.java:109) - HikariPool-1 - Starting...
(HikariPool.java:554) - HikariPool-1 - Added connection org.postgresql.jdbc.PgConnection@7d864a4b
(HikariDataSource.java:122) - HikariPool-1 - Start completed.
(PostServiceImpl.java:64) - └ outVO : Posts [postId=60, authorId=1, title=123, category=정치, content={"ops":[{"insert":"dk wlsWK\n"}]}, imageUrl=null, videoUrl=https://www.youtube.com/watch?v=AD43INq1Rks, shortUrl=null, createdAt=2025-07-03 21:04:16.217741+09, updatedAt=2025-07-03 21:04:16.217741+09, viewCount=0, likeCount=0, toString()=com.UnderTheKorea.web.domain.Posts@4e665a3a] - 성공(1)/실패(0)
(PostServiceImpl.java:64) - └ outVO : Posts [postId=38, authorId=1, title=실체가 하나씩 하나씩 드러납니다, category=정치, content=가만히 생각해보니 정치는 빨강과 파랑이 싸우다가 뒤에서 소주 까면서 오늘 어땠냐는 말이 있는데
윤석열 진짜 외로웠을 듯... 사실 이지경까지 온 게 국민의 힘 탓도 있음.
저런 사람이 대통령 됐는데 힘을 안씀. 아마 지들 마음에 안든다고 안도와줬을거임.
그런데 지금 진짜 큰일날 것 같으니까 말그대로 발등에 불 떨어지니까 그제서야 들고 일어나는거임.
진짜 민주당이나 국힘이나 둘 다 마음에 안듦.
윤대통령 국힘도 싫다고 했던 녹취록도 있음., imageUrl=null, videoUrl=https://www.youtube.com/watch?v=wcMyP0sPQ2Q, shortUrl=null, createdAt=2025-06-15 03:44:54.356301+09, updatedAt=2025-06-15 03:44:54.356301+09, viewCount=0, likeCount=1, toString()=com.UnderTheKorea.web.domain.Posts@28d2a8c9] - 성공(1)/실패(0)
(PostServiceImpl.java:64) - └ outVO : Posts [postId=35, authorId=dfmaks123, title=검찰청 폐지가 무슨 의미인지 알아?, category=정치, content=검찰청 없애고  중수청(중대범죄수사청) 신설하는데 문제가 있냐 라고 하는데
눈높이 설명이 있어서 가져와봤다.

교육청 → 검정고시청: 정규교육 시스템(학교, 대학)을 없애고 자격시험만으로 교육을 관리하겠다는 식

과학기술부서 → 이공계부서: 상위 정책 수립·지원 기관을 없애고 단편적 실행 기관만 남기겠다는 식

의학부 → 간호조무사청: 진료 총괄 권한을 의사에서 간호조무사에게 주겠다는 식

교수청 → 교사청: 고등교육을 담당하는 교수조직을 없애고 중등교육 수준에서 전부 관리하겠다는 식

그러니까 고등 기관이 떡하니 있는데 하위기관 신설하고 고등기관 편입시켜서 관리하겠다는거임
권력 문제가 가장 큼.
정부 관리하에 있는 기관임.
검찰청도 정부 관리하에 있는 기관 아니였냐?
이런 무식한 소리할거면 그냥 말을 말아라..

검찰청은 수사권과 기소권을 가진 기관으로, 법무부 산하에 있지만 어느 정도의 독립성을 보장받으며
"권력 감시 기능"을 해옴.
그런데 중수청 신설하면서 검찰은 기소권만을 갖고 중수청이 수사권을 가져감.
그럼 검찰이 기소(야 여기 사건!)하면 중수청이 (어 이거 수사해볼게) 해야되는데 정부가 마음에 안들면 수사 안할 수도 있는거임. 그러니까 부패가 늘어나겠지.., imageUrl=https://file2.nocutnews.co.kr/newsroom/image/2025/06/12/202506120620421246_0.jpg, videoUrl=null, shortUrl=null, createdAt=2025-06-13 08:07:14.028236+09, updatedAt=2025-06-13 08:07:14.028236+09, viewCount=0, likeCount=1, toString()=com.UnderTheKorea.web.domain.Posts@70d5a4d1] - 성공(1)/실패(0)
(PostServiceImpl.java:64) - └ outVO : Posts [postId=28, authorId=1, title=강유정 대변인 대통령실 브리핑, category=정치, content=아니 너네 질문을 받는 입장이 맞잖아. 
설사 니네 마음에 안드는 질문 한다고 해도 왜 기자랑 기싸움을 하는거냐?
좌빨 댓글 그만 봐야겠다 진짜로, imageUrl=null, videoUrl=https://www.youtube.com/watch?v=ZdWv6F_pA1w, shortUrl=null, createdAt=2025-06-11 11:59:22.913702+09, updatedAt=2025-06-11 11:59:22.913702+09, viewCount=0, likeCount=0, toString()=com.UnderTheKorea.web.domain.Posts@86e5c5a] - 성공(1)/실패(0)
(PostServiceImpl.java:64) - └ outVO : Posts [postId=27, authorId=1, title=그라운드C 표지 어그로 심하네, category=정치, content=그라운드C 표지 어그로 심하네 라고 생각하고 들어가서 봤다.
1시간 30분 동안 화만 잔뜩 났다.

1. 언론3법 : 언론탄압(거슬리면 제제 때리겠다)

2. 강유정 대변인 대통령실 브리핑 : 브리핑 나와서 언론이랑 기싸움 러시안 룰렛 갈기는 튼튼한 대변인 (눈썹 위트까지...) 댓글이 더 가관이다.

3. 소비자 탄소세 :
경제박살(탄소가 발생하는 모든 행위에 세금부과 -> 모든 물품에 가격인상 -> 실질적인 소비하락 -> 화폐가치 하락 -> 수입물가 상승) 

4. 디지털세 : 이게 제일 어이없음. 디지털 플랫폼에서 매출대비 세금을 걷겠다. '좋아요 누르는 행위'를 노동으로 간주한다.
좋아요 누름 -> 네트워크 효과로 인해 규모가 디지털 플랫폼의 커지고 수익이 늘어남 -> 하지만 그 수익이 노동자(좋아요를 누른 사람)에게는 돌아오지 않음 -> 그걸 나누겠다.

5. 대북송금... 할 말 없다., imageUrl=null, videoUrl=https://www.youtube.com/watch?v=zr1Xjy3ebhQ, shortUrl=null, createdAt=2025-06-11 11:56:23.721361+09, updatedAt=2025-06-11 11:56:23.721361+09, viewCount=0, likeCount=0, toString()=com.UnderTheKorea.web.domain.Posts@907f2f9] - 성공(1)/실패(0)
(PostServiceImpl.java:64) - └ outVO : Posts [postId=2, authorId=1, title=정치 양극화 해소, 소통과 공감의 정치 기대, category=정치, content=현재 한국 사회는 극심한 정치적 양극화로 인해 많은 사회적 비용을 치르고 있습니다. 서로 다른 이념과 가치를 가진 집단들이 대립하며 건설적인 논의가 어려워지고 있습니다. 이제는 이분법적 사고방식에서 벗어나 상호 존중과 이해를 바탕으로 하는 소통의 장이 필요합니다. 국민의 목소리에 귀 기울이고, 사회적 약자를 포용하는 정치, 그리고 미래를 위한 합리적인 대안을 제시하는 정치를 기대합니다. 통합과 화합의 리더십이 절실한 시점입니다. 이를 통해 사회적 갈등을 줄이고, 생산적인 합의를 도출해 나갈 수 있어야 합니다., imageUrl=https://img.hankyung.com/photo/202204/AA.29528645.1.jpg, videoUrl=null, shortUrl=null, createdAt=2025-06-04 13:25:57.201598+09, updatedAt=2025-06-04 13:25:57.201598+09, viewCount=0, likeCount=1, toString()=com.UnderTheKorea.web.domain.Posts@34ae87f0] - 성공(1)/실패(0)
(PostServiceImpl.java:64) - └ outVO : Posts [postId=7, authorId=1, title=정책 결정 과정의 투명성 강화 방안 제안, category=정치, content=정부의 정책 결정 과정은 국민의 삶에 직접적인 영향을 미치므로, 그 투명성이 매우 중요합니다. 정책 입안 단계부터 시민들의 의견을 적극적으로 수렴하고, 결정 과정과 근거를 명확하게 공개하여 신뢰를 높여야 합니다. 또한, 특정 이해집단의 영향력을 배제하고 공정하고 합리적인 의사결정이 이루어질 수 있도록 제도적 장치를 강화해야 합니다. 투명하고 공정한 정책 결정은 국민의 지지를 얻는 중요한 기반이 됩니다. 이는 정부와 국민 간의 신뢰를 구축하는 데 필수적입니다., imageUrl=null, videoUrl=https://www.youtube.com/watch?v=JSdlqs3fmYs, shortUrl=null, createdAt=2025-06-04 13:25:57.201598+09, updatedAt=2025-06-04 13:25:57.201598+09, viewCount=0, likeCount=1, toString()=com.UnderTheKorea.web.domain.Posts@69805e98] - 성공(1)/실패(0)
(PostController.java:33) - 로딩된 포스트 개수 : 7
(UserController.java:33) - loginRequest : 1
(UserServiceImpl.java:54) - ┌───────────────────────────────────
(UserServiceImpl.java:55) - │ UserServiceImpl() : login 
(UserServiceImpl.java:56) - └───────────────────────────────────
(UserServiceImpl.java:58) - ┌ 1. id : 1
(UserServiceImpl.java:59) - │ 2. pw : 1
(UserServiceImpl.java:62) - └ 3. outVO : Users [serialNo=0, grade=1, userId=1, password=1, userName=관리자, createdAt=2025-06-04 13:25:19.782185+09, updatedAt=2025-06-04 13:25:19.782185+09, rememberMe=false, toString()=com.UnderTheKorea.web.domain.Users@126d7bc9]
(UserController.java:46) - □ (세션) 일반 로그인: 세션 만료 시간 30분으로 설정.
(PostServiceImpl.java:55) - ┌───────────────────────────────────
(PostServiceImpl.java:56) - │ 게시물 service : 포스팅 불러오기 
(PostServiceImpl.java:57) - └───────────────────────────────────
(PostServiceImpl.java:59) - ┌ 1. 카테고리 : 정치
(PostServiceImpl.java:60) - │ 2. pageNo : 0
(PostServiceImpl.java:64) - └ outVO : Posts [postId=60, authorId=1, title=123, category=정치, content={"ops":[{"insert":"dk wlsWK\n"}]}, imageUrl=null, videoUrl=https://www.youtube.com/watch?v=AD43INq1Rks, shortUrl=null, createdAt=2025-07-03 21:04:16.217741+09, updatedAt=2025-07-03 21:04:16.217741+09, viewCount=0, likeCount=0, toString()=com.UnderTheKorea.web.domain.Posts@398eb11e] - 성공(1)/실패(0)
(PostServiceImpl.java:64) - └ outVO : Posts [postId=38, authorId=1, title=실체가 하나씩 하나씩 드러납니다, category=정치, content=가만히 생각해보니 정치는 빨강과 파랑이 싸우다가 뒤에서 소주 까면서 오늘 어땠냐는 말이 있는데
윤석열 진짜 외로웠을 듯... 사실 이지경까지 온 게 국민의 힘 탓도 있음.
저런 사람이 대통령 됐는데 힘을 안씀. 아마 지들 마음에 안든다고 안도와줬을거임.
그런데 지금 진짜 큰일날 것 같으니까 말그대로 발등에 불 떨어지니까 그제서야 들고 일어나는거임.
진짜 민주당이나 국힘이나 둘 다 마음에 안듦.
윤대통령 국힘도 싫다고 했던 녹취록도 있음., imageUrl=null, videoUrl=https://www.youtube.com/watch?v=wcMyP0sPQ2Q, shortUrl=null, createdAt=2025-06-15 03:44:54.356301+09, updatedAt=2025-06-15 03:44:54.356301+09, viewCount=0, likeCount=1, toString()=com.UnderTheKorea.web.domain.Posts@31c97020] - 성공(1)/실패(0)
(PostServiceImpl.java:64) - └ outVO : Posts [postId=35, authorId=dfmaks123, title=검찰청 폐지가 무슨 의미인지 알아?, category=정치, content=검찰청 없애고  중수청(중대범죄수사청) 신설하는데 문제가 있냐 라고 하는데
눈높이 설명이 있어서 가져와봤다.

교육청 → 검정고시청: 정규교육 시스템(학교, 대학)을 없애고 자격시험만으로 교육을 관리하겠다는 식

과학기술부서 → 이공계부서: 상위 정책 수립·지원 기관을 없애고 단편적 실행 기관만 남기겠다는 식

의학부 → 간호조무사청: 진료 총괄 권한을 의사에서 간호조무사에게 주겠다는 식

교수청 → 교사청: 고등교육을 담당하는 교수조직을 없애고 중등교육 수준에서 전부 관리하겠다는 식

그러니까 고등 기관이 떡하니 있는데 하위기관 신설하고 고등기관 편입시켜서 관리하겠다는거임
권력 문제가 가장 큼.
정부 관리하에 있는 기관임.
검찰청도 정부 관리하에 있는 기관 아니였냐?
이런 무식한 소리할거면 그냥 말을 말아라..

검찰청은 수사권과 기소권을 가진 기관으로, 법무부 산하에 있지만 어느 정도의 독립성을 보장받으며
"권력 감시 기능"을 해옴.
그런데 중수청 신설하면서 검찰은 기소권만을 갖고 중수청이 수사권을 가져감.
그럼 검찰이 기소(야 여기 사건!)하면 중수청이 (어 이거 수사해볼게) 해야되는데 정부가 마음에 안들면 수사 안할 수도 있는거임. 그러니까 부패가 늘어나겠지.., imageUrl=https://file2.nocutnews.co.kr/newsroom/image/2025/06/12/202506120620421246_0.jpg, videoUrl=null, shortUrl=null, createdAt=2025-06-13 08:07:14.028236+09, updatedAt=2025-06-13 08:07:14.028236+09, viewCount=0, likeCount=1, toString()=com.UnderTheKorea.web.domain.Posts@3c2a5be4] - 성공(1)/실패(0)
(PostServiceImpl.java:64) - └ outVO : Posts [postId=28, authorId=1, title=강유정 대변인 대통령실 브리핑, category=정치, content=아니 너네 질문을 받는 입장이 맞잖아. 
설사 니네 마음에 안드는 질문 한다고 해도 왜 기자랑 기싸움을 하는거냐?
좌빨 댓글 그만 봐야겠다 진짜로, imageUrl=null, videoUrl=https://www.youtube.com/watch?v=ZdWv6F_pA1w, shortUrl=null, createdAt=2025-06-11 11:59:22.913702+09, updatedAt=2025-06-11 11:59:22.913702+09, viewCount=0, likeCount=0, toString()=com.UnderTheKorea.web.domain.Posts@28ba8f46] - 성공(1)/실패(0)
(PostServiceImpl.java:64) - └ outVO : Posts [postId=27, authorId=1, title=그라운드C 표지 어그로 심하네, category=정치, content=그라운드C 표지 어그로 심하네 라고 생각하고 들어가서 봤다.
1시간 30분 동안 화만 잔뜩 났다.

1. 언론3법 : 언론탄압(거슬리면 제제 때리겠다)

2. 강유정 대변인 대통령실 브리핑 : 브리핑 나와서 언론이랑 기싸움 러시안 룰렛 갈기는 튼튼한 대변인 (눈썹 위트까지...) 댓글이 더 가관이다.

3. 소비자 탄소세 :
경제박살(탄소가 발생하는 모든 행위에 세금부과 -> 모든 물품에 가격인상 -> 실질적인 소비하락 -> 화폐가치 하락 -> 수입물가 상승) 

4. 디지털세 : 이게 제일 어이없음. 디지털 플랫폼에서 매출대비 세금을 걷겠다. '좋아요 누르는 행위'를 노동으로 간주한다.
좋아요 누름 -> 네트워크 효과로 인해 규모가 디지털 플랫폼의 커지고 수익이 늘어남 -> 하지만 그 수익이 노동자(좋아요를 누른 사람)에게는 돌아오지 않음 -> 그걸 나누겠다.

5. 대북송금... 할 말 없다., imageUrl=null, videoUrl=https://www.youtube.com/watch?v=zr1Xjy3ebhQ, shortUrl=null, createdAt=2025-06-11 11:56:23.721361+09, updatedAt=2025-06-11 11:56:23.721361+09, viewCount=0, likeCount=0, toString()=com.UnderTheKorea.web.domain.Posts@6470cd0e] - 성공(1)/실패(0)
(PostServiceImpl.java:64) - └ outVO : Posts [postId=2, authorId=1, title=정치 양극화 해소, 소통과 공감의 정치 기대, category=정치, content=현재 한국 사회는 극심한 정치적 양극화로 인해 많은 사회적 비용을 치르고 있습니다. 서로 다른 이념과 가치를 가진 집단들이 대립하며 건설적인 논의가 어려워지고 있습니다. 이제는 이분법적 사고방식에서 벗어나 상호 존중과 이해를 바탕으로 하는 소통의 장이 필요합니다. 국민의 목소리에 귀 기울이고, 사회적 약자를 포용하는 정치, 그리고 미래를 위한 합리적인 대안을 제시하는 정치를 기대합니다. 통합과 화합의 리더십이 절실한 시점입니다. 이를 통해 사회적 갈등을 줄이고, 생산적인 합의를 도출해 나갈 수 있어야 합니다., imageUrl=https://img.hankyung.com/photo/202204/AA.29528645.1.jpg, videoUrl=null, shortUrl=null, createdAt=2025-06-04 13:25:57.201598+09, updatedAt=2025-06-04 13:25:57.201598+09, viewCount=0, likeCount=1, toString()=com.UnderTheKorea.web.domain.Posts@1e42e9d0] - 성공(1)/실패(0)
(PostServiceImpl.java:64) - └ outVO : Posts [postId=7, authorId=1, title=정책 결정 과정의 투명성 강화 방안 제안, category=정치, content=정부의 정책 결정 과정은 국민의 삶에 직접적인 영향을 미치므로, 그 투명성이 매우 중요합니다. 정책 입안 단계부터 시민들의 의견을 적극적으로 수렴하고, 결정 과정과 근거를 명확하게 공개하여 신뢰를 높여야 합니다. 또한, 특정 이해집단의 영향력을 배제하고 공정하고 합리적인 의사결정이 이루어질 수 있도록 제도적 장치를 강화해야 합니다. 투명하고 공정한 정책 결정은 국민의 지지를 얻는 중요한 기반이 됩니다. 이는 정부와 국민 간의 신뢰를 구축하는 데 필수적입니다., imageUrl=null, videoUrl=https://www.youtube.com/watch?v=JSdlqs3fmYs, shortUrl=null, createdAt=2025-06-04 13:25:57.201598+09, updatedAt=2025-06-04 13:25:57.201598+09, viewCount=0, likeCount=1, toString()=com.UnderTheKorea.web.domain.Posts@70597487] - 성공(1)/실패(0)
(PostController.java:33) - 로딩된 포스트 개수 : 7
(PollServiceImpl.java:53) - ┌───────────────────────────────────
(PollServiceImpl.java:54) - │ 투표 service : 투표 불러오기
(PollServiceImpl.java:55) - └───────────────────────────────────
(CommentServiceImpl.java:54) - ┌─────────────────────────────────────────
(CommentServiceImpl.java:55) - │ 댓글 Service :  전체 댓글 불러오기 
(CommentServiceImpl.java:56) - │ 1. postId : 38
(CommentServiceImpl.java:57) - └─────────────────────────────────────────
(PollServiceImpl.java:58) - └ outVO : Polls [pollId=48, postId=38, userId=1, title=실체가 하나씩 하나씩 드러납니다, option1=외로웠을 것 같다., option2=그래도 계엄은 심했다., option3=null, option4=null, createdAt=2025-06-17 10:07:49.748897+09, updatedAt=2025-06-17 10:07:49.748897+09, toString()=com.UnderTheKorea.web.domain.Polls@310e4a74]
(LikeServiceImpl.java:62) - ┌───────────────────────────────────
(LikeServiceImpl.java:63) - │ LikeServiceImpl() : isLikedCheck 
(LikeServiceImpl.java:64) - │ 1. postId : 38
(LikeServiceImpl.java:65) - │ 2. userId : 1
(LikeServiceImpl.java:69) - │3. outVO : 1 - 성공(1)/실패(0)
(LikeServiceImpl.java:70) - └───────────────────────────────────
(VoteServiceImpl.java:79) - ┌───────────────────────────────────────────
(VoteServiceImpl.java:80) - │ 투표(Vote) service : 유저의 투표 로딩
(VoteServiceImpl.java:81) - │ 1. pollId : 48
(VoteServiceImpl.java:82) - └───────────────────────────────────────────
(VoteServiceImpl.java:85) - outVO : ResponseVotes [totalCount=8, agreeCount=7, disagreeCount=1, toString()=com.UnderTheKorea.web.domain.ResponseVotes@726c92ff]
(VoteServiceImpl.java:59) - ┌───────────────────────────────────────────
(VoteServiceImpl.java:60) - │ 투표(Vote) service : 유저의 투표 여부 확인
(VoteServiceImpl.java:61) - │ 1. pollId : 48
(VoteServiceImpl.java:62) - │ 2. userId : 1
(VoteServiceImpl.java:63) - └───────────────────────────────────────────
(VoteServiceImpl.java:66) - outVO : 1
(PollController.java:65) - hasVoted : true
(PollController.java:66) - vote : ResponseVotes [totalCount=8, agreeCount=7, disagreeCount=1, toString()=com.UnderTheKorea.web.domain.ResponseVotes@726c92ff]
(PollController.java:77) - response : {hasVoted=true, hasLiked=true, poll=Polls [pollId=48, postId=38, userId=1, title=실체가 하나씩 하나씩 드러납니다, option1=외로웠을 것 같다., option2=그래도 계엄은 심했다., option3=null, option4=null, createdAt=2025-06-17 10:07:49.748897+09, updatedAt=2025-06-17 10:07:49.748897+09, toString()=com.UnderTheKorea.web.domain.Polls@310e4a74], vote=ResponseVotes [totalCount=8, agreeCount=7, disagreeCount=1, toString()=com.UnderTheKorea.web.domain.ResponseVotes@726c92ff]}
(PostServiceImpl.java:55) - ┌───────────────────────────────────
(PostServiceImpl.java:56) - │ 게시물 service : 포스팅 불러오기 
(PostServiceImpl.java:57) - └───────────────────────────────────
(PostServiceImpl.java:59) - ┌ 1. 카테고리 : 철학
(PostServiceImpl.java:60) - │ 2. pageNo : 0
(PostServiceImpl.java:64) - └ outVO : Posts [postId=61, authorId=1, title=이미지 테스트, category=철학, content={"ops":[{"insert":"이미지 테스트\n"},{"attributes":{"alt":"오토 on Instagram: “2022.05.27 어제 수채화 반응이 좋아서 오늘도 수채화로 그려봤습니다. 핀터레스트에서 자료  찾다보면 무조건 한번 쯤 발견하게 되는 그 사진! 제가 좋아하던 작가님과 모델분이라 나중에 한번 그려봐야지만 하다가 오늘 이렇게…”"},"insert":{"image":"https://i.pinimg.com/736x/65/c8/19/65c819acc69ac07e7e4305f691f493cf.jpg"}},{"insert":"\n"}]}, imageUrl=null, videoUrl=null, shortUrl=null, createdAt=2025-07-07 16:17:06.088677+09, updatedAt=2025-07-07 16:17:06.088677+09, viewCount=0, likeCount=0, toString()=com.UnderTheKorea.web.domain.Posts@7d03abbb] - 성공(1)/실패(0)
(PostServiceImpl.java:64) - └ outVO : Posts [postId=59, authorId=1, title=1234, category=철학, content={"ops":[{"insert":"아 진짜 힘들다 왜 이럴까\n"},{"attributes":{"alt":"14,895,000개 이상의 재미 이미지 스톡 사진, 그림 및 Royalty ..."},"insert":{"image":"https://media.istockphoto.com/id/1154370446/ko/%EC%82%AC%EC%A7%84/%ED%9D%B0%EC%83%89-%EB%B0%B0%EA%B2%BD%EC%97%90-%EA%B3%A0%EB%A6%BD-%EB%90%9C-%EB%B0%94%EC%9C%84-%EC%A0%9C%EC%8A%A4%EC%B2%98%EB%A5%BC-%EB%B3%B4%EC%97%AC%EC%A3%BC%EB%8A%94-%EB%85%B9%EC%83%89-%EC%84%A0%EA%B8%80%EB%9D%BC%EC%8A%A4%EC%97%90-%EC%9E%AC%EB%AF%B8-%EB%84%88%EA%B5%AC%EB%A6%AC.jpg?s=612x612&w=0&k=20&c=atEjJlw_9g7W6SBgISn3sebRa94-zw5GGgyeddCf-AU="}},{"insert":"\n"}]}, imageUrl=null, videoUrl=null, shortUrl=null, createdAt=2025-07-03 21:03:24.338382+09, updatedAt=2025-07-03 21:03:24.338382+09, viewCount=0, likeCount=0, toString()=com.UnderTheKorea.web.domain.Posts@248e833f] - 성공(1)/실패(0)
(PostServiceImpl.java:64) - └ outVO : Posts [postId=45, authorId=1, title=내가 내가 맞을까?, category=철학, content=내가 내가 맞을까?
내가 내가 맞을까?
내가 내가 맞을까?
내가 내가 맞을까?
내가 내가 맞을까?
내가 내가 맞을까?, imageUrl=null, videoUrl=https://www.youtube.com/watch?v=jB1NnDz3Ckc, shortUrl=null, createdAt=2025-06-21 18:17:55.638787+09, updatedAt=2025-06-21 18:17:55.638787+09, viewCount=0, likeCount=1, toString()=com.UnderTheKorea.web.domain.Posts@64c1906f] - 성공(1)/실패(0)
(PostServiceImpl.java:64) - └ outVO : Posts [postId=44, authorId=1, title=성장하기 위해서는 고독이 필요하다., category=철학, content=성장하기 위해서는 고독이 필요하다.

외로움은 수동적인 것이고
고독은 자발적인 겁니다.

고독을 겪어본 적 없는 친구들이 모여있으면
발전이 없고 과거에만 머무르게 됩니다.

고독을 나눌 수준이 된다면
그들끼리 모입니다., imageUrl=null, videoUrl=null, shortUrl=https://www.youtube.com/shorts/mKBmkD6n-5w, createdAt=2025-06-17 01:17:18.266415+09, updatedAt=2025-06-17 01:17:18.266415+09, viewCount=0, likeCount=0, toString()=com.UnderTheKorea.web.domain.Posts@4dfc9e03] - 성공(1)/실패(0)
(PostServiceImpl.java:64) - └ outVO : Posts [postId=41, authorId=1, title=결혼이 성대할 필요가 있는지, category=철학, content=요즘 웨딩 가격때문에 부담을 느끼는 사람들이 부쩍 늘어가는 것 같다.
젊은 사람들과 이야기를 나눠봐도 확실히 스몰웨딩을 원하는 남성들이 늘어났다.
하지만 그걸 원하는 여성들이 많지 않기 때문에 걱정을 많이 하는 것 같다., imageUrl=null, videoUrl=https://www.youtube.com/watch?v=ACATaOrNnNo, shortUrl=null, createdAt=2025-06-16 10:48:38.345235+09, updatedAt=2025-06-16 10:48:38.345235+09, viewCount=0, likeCount=0, toString()=com.UnderTheKorea.web.domain.Posts@2dc2ba74] - 성공(1)/실패(0)
(PostServiceImpl.java:64) - └ outVO : Posts [postId=39, authorId=1, title=신이 죽는다는 의미, category=철학, content=서양의 모든 법의 근간은 신이 있다.

살인을 하면 안된다는 말은 누가 처음 하였는가? 신이다.
사실 신은 윤리이다., imageUrl=null, videoUrl=, shortUrl=https://www.youtube.com/shorts/BuC9IU3AUqk, createdAt=2025-06-16 10:34:04.993498+09, updatedAt=2025-06-16 10:34:04.993498+09, viewCount=0, likeCount=0, toString()=com.UnderTheKorea.web.domain.Posts@7d055388] - 성공(1)/실패(0)
(PostServiceImpl.java:64) - └ outVO : Posts [postId=34, authorId=dfmaks123, title=철이 든다는 착각, category=철학, content=꿈을 잃어간다는 생각을 가끔씩 합니다.
꿈이라는게 존재하긴 했나 싶기도 하지만 분명히 꿈이 있었습니다.
가정을 행복하고 따뜻하게 가꿀 줄 아는 아빠가 되는게 제 꿈이었습니다.

세상과 타협을 하다보니 꿈을 잃었다 할 수도 있겠고,
제가 그 꿈을 이루기엔 너무 게을렀던 걸 수도 있다고 생각이 드네요.

"나의 라임 오렌지나무" 에서 제제는 자신 안에 있던 파랑새를 구름에 띄워보내주며 이런 말을 합니다.
“이제 너는 자유야. 가서 다른 슬픈 아이의 마음에 깃들어 줘.”

왜 아이들은 철이 들어야만 하나요?
아이들이 일찍 철들지 않았으면 좋겠습니다. 순수하고 아름다운 상태로 영원했으면 좋겠습니다.

지금처럼 어려운 시기에
모두가 철들지 않고 아름다운 시선으로 세상을 바라보고 서로를 볼 줄 알았으면 좋겠습니다., imageUrl=https://www.readersnews.com/news/photo/201405/47648_2858_421.jpg, videoUrl=null, shortUrl=null, createdAt=2025-06-12 17:38:37.571216+09, updatedAt=2025-06-12 17:38:37.571216+09, viewCount=0, likeCount=0, toString()=com.UnderTheKorea.web.domain.Posts@152ff6af] - 성공(1)/실패(0)
(PostServiceImpl.java:64) - └ outVO : Posts [postId=33, authorId=1, title=현재 우리사회에 허무주의가 만연한 이유, category=철학, content=해당 유튜브의 내용에서 가장 인상 깊었던 점은 "인간은 머물면 안된다" 였다.

지금 우리사회(한국)는 부자를 적으로 생각하는 사람이 생각보다 많은 것 같다.
사실 우리의 사회 자체가 자본주의이기 때문에 모두의 꿈이 노동의 이유가 잘 먹고 잘 살기 위함이라고 생각한다.
그런데도 누군가는 부자를 적으로 생각하고 그들이 쌓은 부를 갈라 나눠야 된다고 생각하는데 그건 모순이지 않을까

그렇게 생각한다면 누가 노력해서 부자가 되려고 하는가?
그들이 노력하지 않고 게으름을 포장할 때 누군가는 아침 일찍 일어나서 새로운 아이디어를 가지고 전진한다.
사회가 게으름을 포장해주고 있다.
인간은 원래도 진취적이고 성장하려는 동물이며 그런 인간이 나아가지 못할 때 거부반응이 일어난다.
그런 거부반응이 전반적인 사회적인 분위기에 깔리게 되면서 인지부조화가 일어나고
연쇄작용으로 허무주의가 깔려버린다., imageUrl=null, videoUrl=https://www.youtube.com/watch?v=Kcnt3vIyduE, shortUrl=null, createdAt=2025-06-12 09:32:31.346222+09, updatedAt=2025-06-12 09:32:31.346222+09, viewCount=0, likeCount=0, toString()=com.UnderTheKorea.web.domain.Posts@3c8a7e8f] - 성공(1)/실패(0)
(PostServiceImpl.java:64) - └ outVO : Posts [postId=32, authorId=1, title=죽음이란, category=철학, content=죽음이란 단순 육체의 죽음을
의미하는 것이 아니다

육체 안의 그대라는 영적 존재가 자포자기 했을 때가 진정한 죽음이노라, imageUrl=https://img.seoul.co.kr/img/upload/2011/04/24/SSI_20110424181752.jpg, videoUrl=null, shortUrl=null, createdAt=2025-06-12 09:24:37.018834+09, updatedAt=2025-06-12 09:24:37.018834+09, viewCount=0, likeCount=0, toString()=com.UnderTheKorea.web.domain.Posts@4a36270] - 성공(1)/실패(0)
(PostServiceImpl.java:64) - └ outVO : Posts [postId=25, authorId=kcs_login, title=아는 것이 힘 vs 모르는 게 약, category=철학, content=아는 것이 힘 vs 모르는 게 약


양 쪽 모두 진리이며 당신이 선택할 수 있다면 어느 쪽을 선택할 것인가.

당신에게 필요한 것은 힘인가 약인가., imageUrl=https://img3.daumcdn.net/thumb/R658x0.q70/?fname=https://t1.daumcdn.net/news/202210/23/tcast/20221023000018978lqxi.png, videoUrl=null, shortUrl=null, createdAt=2025-06-09 10:28:07.517314+09, updatedAt=2025-06-09 10:28:07.517314+09, viewCount=0, likeCount=0, toString()=com.UnderTheKorea.web.domain.Posts@536df87f] - 성공(1)/실패(0)
(PostController.java:33) - 로딩된 포스트 개수 : 10
(PollServiceImpl.java:53) - ┌───────────────────────────────────
(CommentServiceImpl.java:54) - ┌─────────────────────────────────────────
(PollServiceImpl.java:54) - │ 투표 service : 투표 불러오기
(CommentServiceImpl.java:55) - │ 댓글 Service :  전체 댓글 불러오기 
(PollServiceImpl.java:55) - └───────────────────────────────────
(CommentServiceImpl.java:56) - │ 1. postId : 61
(CommentServiceImpl.java:57) - └─────────────────────────────────────────
(PollServiceImpl.java:58) - └ outVO : null
(LikeServiceImpl.java:62) - ┌───────────────────────────────────
(LikeServiceImpl.java:63) - │ LikeServiceImpl() : isLikedCheck 
(LikeServiceImpl.java:64) - │ 1. postId : 61
(LikeServiceImpl.java:65) - │ 2. userId : 1
(LikeServiceImpl.java:69) - │3. outVO : 0 - 성공(1)/실패(0)
(LikeServiceImpl.java:70) - └───────────────────────────────────
(PollController.java:55) - postId 61 에 해당하는 투표가 존재하지 않습니다.
(PollController.java:57) - response : {hasLiked=false, poll=null, message=아직 투표가 존재하지 않습니다. 새로운 투표를 시작해보세요.}
(PostServiceImpl.java:55) - ┌───────────────────────────────────
(PostServiceImpl.java:56) - │ 게시물 service : 포스팅 불러오기 
(PostServiceImpl.java:57) - └───────────────────────────────────
(PostServiceImpl.java:59) - ┌ 1. 카테고리 : 철학
(PostServiceImpl.java:60) - │ 2. pageNo : 0
(PostServiceImpl.java:55) - ┌───────────────────────────────────
(PostServiceImpl.java:56) - │ 게시물 service : 포스팅 불러오기 
(PostServiceImpl.java:57) - └───────────────────────────────────
(PostServiceImpl.java:59) - ┌ 1. 카테고리 : 철학
(PostServiceImpl.java:60) - │ 2. pageNo : 0
(PostServiceImpl.java:64) - └ outVO : Posts [postId=61, authorId=1, title=이미지 테스트, category=철학, content={"ops":[{"insert":"이미지 테스트\n"},{"attributes":{"alt":"오토 on Instagram: “2022.05.27 어제 수채화 반응이 좋아서 오늘도 수채화로 그려봤습니다. 핀터레스트에서 자료  찾다보면 무조건 한번 쯤 발견하게 되는 그 사진! 제가 좋아하던 작가님과 모델분이라 나중에 한번 그려봐야지만 하다가 오늘 이렇게…”"},"insert":{"image":"https://i.pinimg.com/736x/65/c8/19/65c819acc69ac07e7e4305f691f493cf.jpg"}},{"insert":"\n"}]}, imageUrl=null, videoUrl=null, shortUrl=null, createdAt=2025-07-07 16:17:06.088677+09, updatedAt=2025-07-07 16:17:06.088677+09, viewCount=0, likeCount=0, toString()=com.UnderTheKorea.web.domain.Posts@50773a7] - 성공(1)/실패(0)
(PostServiceImpl.java:64) - └ outVO : Posts [postId=59, authorId=1, title=1234, category=철학, content={"ops":[{"insert":"아 진짜 힘들다 왜 이럴까\n"},{"attributes":{"alt":"14,895,000개 이상의 재미 이미지 스톡 사진, 그림 및 Royalty ..."},"insert":{"image":"https://media.istockphoto.com/id/1154370446/ko/%EC%82%AC%EC%A7%84/%ED%9D%B0%EC%83%89-%EB%B0%B0%EA%B2%BD%EC%97%90-%EA%B3%A0%EB%A6%BD-%EB%90%9C-%EB%B0%94%EC%9C%84-%EC%A0%9C%EC%8A%A4%EC%B2%98%EB%A5%BC-%EB%B3%B4%EC%97%AC%EC%A3%BC%EB%8A%94-%EB%85%B9%EC%83%89-%EC%84%A0%EA%B8%80%EB%9D%BC%EC%8A%A4%EC%97%90-%EC%9E%AC%EB%AF%B8-%EB%84%88%EA%B5%AC%EB%A6%AC.jpg?s=612x612&w=0&k=20&c=atEjJlw_9g7W6SBgISn3sebRa94-zw5GGgyeddCf-AU="}},{"insert":"\n"}]}, imageUrl=null, videoUrl=null, shortUrl=null, createdAt=2025-07-03 21:03:24.338382+09, updatedAt=2025-07-03 21:03:24.338382+09, viewCount=0, likeCount=0, toString()=com.UnderTheKorea.web.domain.Posts@5737e1bf] - 성공(1)/실패(0)
(PostServiceImpl.java:64) - └ outVO : Posts [postId=45, authorId=1, title=내가 내가 맞을까?, category=철학, content=내가 내가 맞을까?
내가 내가 맞을까?
내가 내가 맞을까?
내가 내가 맞을까?
내가 내가 맞을까?
내가 내가 맞을까?, imageUrl=null, videoUrl=https://www.youtube.com/watch?v=jB1NnDz3Ckc, shortUrl=null, createdAt=2025-06-21 18:17:55.638787+09, updatedAt=2025-06-21 18:17:55.638787+09, viewCount=0, likeCount=1, toString()=com.UnderTheKorea.web.domain.Posts@77985116] - 성공(1)/실패(0)
(PostServiceImpl.java:64) - └ outVO : Posts [postId=44, authorId=1, title=성장하기 위해서는 고독이 필요하다., category=철학, content=성장하기 위해서는 고독이 필요하다.

외로움은 수동적인 것이고
고독은 자발적인 겁니다.

고독을 겪어본 적 없는 친구들이 모여있으면
발전이 없고 과거에만 머무르게 됩니다.

고독을 나눌 수준이 된다면
그들끼리 모입니다., imageUrl=null, videoUrl=null, shortUrl=https://www.youtube.com/shorts/mKBmkD6n-5w, createdAt=2025-06-17 01:17:18.266415+09, updatedAt=2025-06-17 01:17:18.266415+09, viewCount=0, likeCount=0, toString()=com.UnderTheKorea.web.domain.Posts@9fa5cb0] - 성공(1)/실패(0)
(PostServiceImpl.java:64) - └ outVO : Posts [postId=61, authorId=1, title=이미지 테스트, category=철학, content={"ops":[{"insert":"이미지 테스트\n"},{"attributes":{"alt":"오토 on Instagram: “2022.05.27 어제 수채화 반응이 좋아서 오늘도 수채화로 그려봤습니다. 핀터레스트에서 자료  찾다보면 무조건 한번 쯤 발견하게 되는 그 사진! 제가 좋아하던 작가님과 모델분이라 나중에 한번 그려봐야지만 하다가 오늘 이렇게…”"},"insert":{"image":"https://i.pinimg.com/736x/65/c8/19/65c819acc69ac07e7e4305f691f493cf.jpg"}},{"insert":"\n"}]}, imageUrl=null, videoUrl=null, shortUrl=null, createdAt=2025-07-07 16:17:06.088677+09, updatedAt=2025-07-07 16:17:06.088677+09, viewCount=0, likeCount=0, toString()=com.UnderTheKorea.web.domain.Posts@5cdc7408] - 성공(1)/실패(0)
(PostServiceImpl.java:64) - └ outVO : Posts [postId=41, authorId=1, title=결혼이 성대할 필요가 있는지, category=철학, content=요즘 웨딩 가격때문에 부담을 느끼는 사람들이 부쩍 늘어가는 것 같다.
젊은 사람들과 이야기를 나눠봐도 확실히 스몰웨딩을 원하는 남성들이 늘어났다.
하지만 그걸 원하는 여성들이 많지 않기 때문에 걱정을 많이 하는 것 같다., imageUrl=null, videoUrl=https://www.youtube.com/watch?v=ACATaOrNnNo, shortUrl=null, createdAt=2025-06-16 10:48:38.345235+09, updatedAt=2025-06-16 10:48:38.345235+09, viewCount=0, likeCount=0, toString()=com.UnderTheKorea.web.domain.Posts@375e9c63] - 성공(1)/실패(0)
(PostServiceImpl.java:64) - └ outVO : Posts [postId=59, authorId=1, title=1234, category=철학, content={"ops":[{"insert":"아 진짜 힘들다 왜 이럴까\n"},{"attributes":{"alt":"14,895,000개 이상의 재미 이미지 스톡 사진, 그림 및 Royalty ..."},"insert":{"image":"https://media.istockphoto.com/id/1154370446/ko/%EC%82%AC%EC%A7%84/%ED%9D%B0%EC%83%89-%EB%B0%B0%EA%B2%BD%EC%97%90-%EA%B3%A0%EB%A6%BD-%EB%90%9C-%EB%B0%94%EC%9C%84-%EC%A0%9C%EC%8A%A4%EC%B2%98%EB%A5%BC-%EB%B3%B4%EC%97%AC%EC%A3%BC%EB%8A%94-%EB%85%B9%EC%83%89-%EC%84%A0%EA%B8%80%EB%9D%BC%EC%8A%A4%EC%97%90-%EC%9E%AC%EB%AF%B8-%EB%84%88%EA%B5%AC%EB%A6%AC.jpg?s=612x612&w=0&k=20&c=atEjJlw_9g7W6SBgISn3sebRa94-zw5GGgyeddCf-AU="}},{"insert":"\n"}]}, imageUrl=null, videoUrl=null, shortUrl=null, createdAt=2025-07-03 21:03:24.338382+09, updatedAt=2025-07-03 21:03:24.338382+09, viewCount=0, likeCount=0, toString()=com.UnderTheKorea.web.domain.Posts@78368c4b] - 성공(1)/실패(0)
(PostServiceImpl.java:64) - └ outVO : Posts [postId=39, authorId=1, title=신이 죽는다는 의미, category=철학, content=서양의 모든 법의 근간은 신이 있다.

살인을 하면 안된다는 말은 누가 처음 하였는가? 신이다.
사실 신은 윤리이다., imageUrl=null, videoUrl=, shortUrl=https://www.youtube.com/shorts/BuC9IU3AUqk, createdAt=2025-06-16 10:34:04.993498+09, updatedAt=2025-06-16 10:34:04.993498+09, viewCount=0, likeCount=0, toString()=com.UnderTheKorea.web.domain.Posts@5f8ca92e] - 성공(1)/실패(0)
(PostServiceImpl.java:64) - └ outVO : Posts [postId=45, authorId=1, title=내가 내가 맞을까?, category=철학, content=내가 내가 맞을까?
내가 내가 맞을까?
내가 내가 맞을까?
내가 내가 맞을까?
내가 내가 맞을까?
내가 내가 맞을까?, imageUrl=null, videoUrl=https://www.youtube.com/watch?v=jB1NnDz3Ckc, shortUrl=null, createdAt=2025-06-21 18:17:55.638787+09, updatedAt=2025-06-21 18:17:55.638787+09, viewCount=0, likeCount=1, toString()=com.UnderTheKorea.web.domain.Posts@6bb0f7e6] - 성공(1)/실패(0)
(PostServiceImpl.java:64) - └ outVO : Posts [postId=34, authorId=dfmaks123, title=철이 든다는 착각, category=철학, content=꿈을 잃어간다는 생각을 가끔씩 합니다.
꿈이라는게 존재하긴 했나 싶기도 하지만 분명히 꿈이 있었습니다.
가정을 행복하고 따뜻하게 가꿀 줄 아는 아빠가 되는게 제 꿈이었습니다.

세상과 타협을 하다보니 꿈을 잃었다 할 수도 있겠고,
제가 그 꿈을 이루기엔 너무 게을렀던 걸 수도 있다고 생각이 드네요.

"나의 라임 오렌지나무" 에서 제제는 자신 안에 있던 파랑새를 구름에 띄워보내주며 이런 말을 합니다.
“이제 너는 자유야. 가서 다른 슬픈 아이의 마음에 깃들어 줘.”

왜 아이들은 철이 들어야만 하나요?
아이들이 일찍 철들지 않았으면 좋겠습니다. 순수하고 아름다운 상태로 영원했으면 좋겠습니다.

지금처럼 어려운 시기에
모두가 철들지 않고 아름다운 시선으로 세상을 바라보고 서로를 볼 줄 알았으면 좋겠습니다., imageUrl=https://www.readersnews.com/news/photo/201405/47648_2858_421.jpg, videoUrl=null, shortUrl=null, createdAt=2025-06-12 17:38:37.571216+09, updatedAt=2025-06-12 17:38:37.571216+09, viewCount=0, likeCount=0, toString()=com.UnderTheKorea.web.domain.Posts@6aa95328] - 성공(1)/실패(0)
(PostServiceImpl.java:64) - └ outVO : Posts [postId=33, authorId=1, title=현재 우리사회에 허무주의가 만연한 이유, category=철학, content=해당 유튜브의 내용에서 가장 인상 깊었던 점은 "인간은 머물면 안된다" 였다.

지금 우리사회(한국)는 부자를 적으로 생각하는 사람이 생각보다 많은 것 같다.
사실 우리의 사회 자체가 자본주의이기 때문에 모두의 꿈이 노동의 이유가 잘 먹고 잘 살기 위함이라고 생각한다.
그런데도 누군가는 부자를 적으로 생각하고 그들이 쌓은 부를 갈라 나눠야 된다고 생각하는데 그건 모순이지 않을까

그렇게 생각한다면 누가 노력해서 부자가 되려고 하는가?
그들이 노력하지 않고 게으름을 포장할 때 누군가는 아침 일찍 일어나서 새로운 아이디어를 가지고 전진한다.
사회가 게으름을 포장해주고 있다.
인간은 원래도 진취적이고 성장하려는 동물이며 그런 인간이 나아가지 못할 때 거부반응이 일어난다.
그런 거부반응이 전반적인 사회적인 분위기에 깔리게 되면서 인지부조화가 일어나고
연쇄작용으로 허무주의가 깔려버린다., imageUrl=null, videoUrl=https://www.youtube.com/watch?v=Kcnt3vIyduE, shortUrl=null, createdAt=2025-06-12 09:32:31.346222+09, updatedAt=2025-06-12 09:32:31.346222+09, viewCount=0, likeCount=0, toString()=com.UnderTheKorea.web.domain.Posts@31ed9d11] - 성공(1)/실패(0)
(PostServiceImpl.java:64) - └ outVO : Posts [postId=44, authorId=1, title=성장하기 위해서는 고독이 필요하다., category=철학, content=성장하기 위해서는 고독이 필요하다.

외로움은 수동적인 것이고
고독은 자발적인 겁니다.

고독을 겪어본 적 없는 친구들이 모여있으면
발전이 없고 과거에만 머무르게 됩니다.

고독을 나눌 수준이 된다면
그들끼리 모입니다., imageUrl=null, videoUrl=null, shortUrl=https://www.youtube.com/shorts/mKBmkD6n-5w, createdAt=2025-06-17 01:17:18.266415+09, updatedAt=2025-06-17 01:17:18.266415+09, viewCount=0, likeCount=0, toString()=com.UnderTheKorea.web.domain.Posts@5ad260e9] - 성공(1)/실패(0)
(PostServiceImpl.java:64) - └ outVO : Posts [postId=32, authorId=1, title=죽음이란, category=철학, content=죽음이란 단순 육체의 죽음을
의미하는 것이 아니다

육체 안의 그대라는 영적 존재가 자포자기 했을 때가 진정한 죽음이노라, imageUrl=https://img.seoul.co.kr/img/upload/2011/04/24/SSI_20110424181752.jpg, videoUrl=null, shortUrl=null, createdAt=2025-06-12 09:24:37.018834+09, updatedAt=2025-06-12 09:24:37.018834+09, viewCount=0, likeCount=0, toString()=com.UnderTheKorea.web.domain.Posts@7213a2cb] - 성공(1)/실패(0)
(PostServiceImpl.java:64) - └ outVO : Posts [postId=25, authorId=kcs_login, title=아는 것이 힘 vs 모르는 게 약, category=철학, content=아는 것이 힘 vs 모르는 게 약


양 쪽 모두 진리이며 당신이 선택할 수 있다면 어느 쪽을 선택할 것인가.

당신에게 필요한 것은 힘인가 약인가., imageUrl=https://img3.daumcdn.net/thumb/R658x0.q70/?fname=https://t1.daumcdn.net/news/202210/23/tcast/20221023000018978lqxi.png, videoUrl=null, shortUrl=null, createdAt=2025-06-09 10:28:07.517314+09, updatedAt=2025-06-09 10:28:07.517314+09, viewCount=0, likeCount=0, toString()=com.UnderTheKorea.web.domain.Posts@48ecb07e] - 성공(1)/실패(0)
(PostServiceImpl.java:64) - └ outVO : Posts [postId=41, authorId=1, title=결혼이 성대할 필요가 있는지, category=철학, content=요즘 웨딩 가격때문에 부담을 느끼는 사람들이 부쩍 늘어가는 것 같다.
젊은 사람들과 이야기를 나눠봐도 확실히 스몰웨딩을 원하는 남성들이 늘어났다.
하지만 그걸 원하는 여성들이 많지 않기 때문에 걱정을 많이 하는 것 같다., imageUrl=null, videoUrl=https://www.youtube.com/watch?v=ACATaOrNnNo, shortUrl=null, createdAt=2025-06-16 10:48:38.345235+09, updatedAt=2025-06-16 10:48:38.345235+09, viewCount=0, likeCount=0, toString()=com.UnderTheKorea.web.domain.Posts@6591338f] - 성공(1)/실패(0)
(PostController.java:33) - 로딩된 포스트 개수 : 10
(PostServiceImpl.java:64) - └ outVO : Posts [postId=39, authorId=1, title=신이 죽는다는 의미, category=철학, content=서양의 모든 법의 근간은 신이 있다.

살인을 하면 안된다는 말은 누가 처음 하였는가? 신이다.
사실 신은 윤리이다., imageUrl=null, videoUrl=, shortUrl=https://www.youtube.com/shorts/BuC9IU3AUqk, createdAt=2025-06-16 10:34:04.993498+09, updatedAt=2025-06-16 10:34:04.993498+09, viewCount=0, likeCount=0, toString()=com.UnderTheKorea.web.domain.Posts@2909afa2] - 성공(1)/실패(0)
(PostServiceImpl.java:64) - └ outVO : Posts [postId=34, authorId=dfmaks123, title=철이 든다는 착각, category=철학, content=꿈을 잃어간다는 생각을 가끔씩 합니다.
꿈이라는게 존재하긴 했나 싶기도 하지만 분명히 꿈이 있었습니다.
가정을 행복하고 따뜻하게 가꿀 줄 아는 아빠가 되는게 제 꿈이었습니다.

세상과 타협을 하다보니 꿈을 잃었다 할 수도 있겠고,
제가 그 꿈을 이루기엔 너무 게을렀던 걸 수도 있다고 생각이 드네요.

"나의 라임 오렌지나무" 에서 제제는 자신 안에 있던 파랑새를 구름에 띄워보내주며 이런 말을 합니다.
“이제 너는 자유야. 가서 다른 슬픈 아이의 마음에 깃들어 줘.”

왜 아이들은 철이 들어야만 하나요?
아이들이 일찍 철들지 않았으면 좋겠습니다. 순수하고 아름다운 상태로 영원했으면 좋겠습니다.

지금처럼 어려운 시기에
모두가 철들지 않고 아름다운 시선으로 세상을 바라보고 서로를 볼 줄 알았으면 좋겠습니다., imageUrl=https://www.readersnews.com/news/photo/201405/47648_2858_421.jpg, videoUrl=null, shortUrl=null, createdAt=2025-06-12 17:38:37.571216+09, updatedAt=2025-06-12 17:38:37.571216+09, viewCount=0, likeCount=0, toString()=com.UnderTheKorea.web.domain.Posts@45ea62a2] - 성공(1)/실패(0)
(PostServiceImpl.java:64) - └ outVO : Posts [postId=33, authorId=1, title=현재 우리사회에 허무주의가 만연한 이유, category=철학, content=해당 유튜브의 내용에서 가장 인상 깊었던 점은 "인간은 머물면 안된다" 였다.

지금 우리사회(한국)는 부자를 적으로 생각하는 사람이 생각보다 많은 것 같다.
사실 우리의 사회 자체가 자본주의이기 때문에 모두의 꿈이 노동의 이유가 잘 먹고 잘 살기 위함이라고 생각한다.
그런데도 누군가는 부자를 적으로 생각하고 그들이 쌓은 부를 갈라 나눠야 된다고 생각하는데 그건 모순이지 않을까

그렇게 생각한다면 누가 노력해서 부자가 되려고 하는가?
그들이 노력하지 않고 게으름을 포장할 때 누군가는 아침 일찍 일어나서 새로운 아이디어를 가지고 전진한다.
사회가 게으름을 포장해주고 있다.
인간은 원래도 진취적이고 성장하려는 동물이며 그런 인간이 나아가지 못할 때 거부반응이 일어난다.
그런 거부반응이 전반적인 사회적인 분위기에 깔리게 되면서 인지부조화가 일어나고
연쇄작용으로 허무주의가 깔려버린다., imageUrl=null, videoUrl=https://www.youtube.com/watch?v=Kcnt3vIyduE, shortUrl=null, createdAt=2025-06-12 09:32:31.346222+09, updatedAt=2025-06-12 09:32:31.346222+09, viewCount=0, likeCount=0, toString()=com.UnderTheKorea.web.domain.Posts@c7687de] - 성공(1)/실패(0)
(PostServiceImpl.java:64) - └ outVO : Posts [postId=32, authorId=1, title=죽음이란, category=철학, content=죽음이란 단순 육체의 죽음을
의미하는 것이 아니다

육체 안의 그대라는 영적 존재가 자포자기 했을 때가 진정한 죽음이노라, imageUrl=https://img.seoul.co.kr/img/upload/2011/04/24/SSI_20110424181752.jpg, videoUrl=null, shortUrl=null, createdAt=2025-06-12 09:24:37.018834+09, updatedAt=2025-06-12 09:24:37.018834+09, viewCount=0, likeCount=0, toString()=com.UnderTheKorea.web.domain.Posts@6017d094] - 성공(1)/실패(0)
(PostServiceImpl.java:64) - └ outVO : Posts [postId=25, authorId=kcs_login, title=아는 것이 힘 vs 모르는 게 약, category=철학, content=아는 것이 힘 vs 모르는 게 약


양 쪽 모두 진리이며 당신이 선택할 수 있다면 어느 쪽을 선택할 것인가.

당신에게 필요한 것은 힘인가 약인가., imageUrl=https://img3.daumcdn.net/thumb/R658x0.q70/?fname=https://t1.daumcdn.net/news/202210/23/tcast/20221023000018978lqxi.png, videoUrl=null, shortUrl=null, createdAt=2025-06-09 10:28:07.517314+09, updatedAt=2025-06-09 10:28:07.517314+09, viewCount=0, likeCount=0, toString()=com.UnderTheKorea.web.domain.Posts@407078b] - 성공(1)/실패(0)
(PostController.java:33) - 로딩된 포스트 개수 : 10
(PostServiceImpl.java:55) - ┌───────────────────────────────────
(PostServiceImpl.java:56) - │ 게시물 service : 포스팅 불러오기 
(PostServiceImpl.java:57) - └───────────────────────────────────
(PostServiceImpl.java:59) - ┌ 1. 카테고리 : 철학
(PostServiceImpl.java:60) - │ 2. pageNo : 0
(PostServiceImpl.java:64) - └ outVO : Posts [postId=61, authorId=1, title=이미지 테스트, category=철학, content={"ops":[{"insert":"이미지 테스트\n"},{"attributes":{"alt":"오토 on Instagram: “2022.05.27 어제 수채화 반응이 좋아서 오늘도 수채화로 그려봤습니다. 핀터레스트에서 자료  찾다보면 무조건 한번 쯤 발견하게 되는 그 사진! 제가 좋아하던 작가님과 모델분이라 나중에 한번 그려봐야지만 하다가 오늘 이렇게…”"},"insert":{"image":"https://i.pinimg.com/736x/65/c8/19/65c819acc69ac07e7e4305f691f493cf.jpg"}},{"insert":"\n"}]}, imageUrl=null, videoUrl=null, shortUrl=null, createdAt=2025-07-07 16:17:06.088677+09, updatedAt=2025-07-07 16:17:06.088677+09, viewCount=0, likeCount=0, toString()=com.UnderTheKorea.web.domain.Posts@3ea7719e] - 성공(1)/실패(0)
(PostServiceImpl.java:64) - └ outVO : Posts [postId=59, authorId=1, title=1234, category=철학, content={"ops":[{"insert":"아 진짜 힘들다 왜 이럴까\n"},{"attributes":{"alt":"14,895,000개 이상의 재미 이미지 스톡 사진, 그림 및 Royalty ..."},"insert":{"image":"https://media.istockphoto.com/id/1154370446/ko/%EC%82%AC%EC%A7%84/%ED%9D%B0%EC%83%89-%EB%B0%B0%EA%B2%BD%EC%97%90-%EA%B3%A0%EB%A6%BD-%EB%90%9C-%EB%B0%94%EC%9C%84-%EC%A0%9C%EC%8A%A4%EC%B2%98%EB%A5%BC-%EB%B3%B4%EC%97%AC%EC%A3%BC%EB%8A%94-%EB%85%B9%EC%83%89-%EC%84%A0%EA%B8%80%EB%9D%BC%EC%8A%A4%EC%97%90-%EC%9E%AC%EB%AF%B8-%EB%84%88%EA%B5%AC%EB%A6%AC.jpg?s=612x612&w=0&k=20&c=atEjJlw_9g7W6SBgISn3sebRa94-zw5GGgyeddCf-AU="}},{"insert":"\n"}]}, imageUrl=null, videoUrl=null, shortUrl=null, createdAt=2025-07-03 21:03:24.338382+09, updatedAt=2025-07-03 21:03:24.338382+09, viewCount=0, likeCount=0, toString()=com.UnderTheKorea.web.domain.Posts@617c3623] - 성공(1)/실패(0)
(PostServiceImpl.java:64) - └ outVO : Posts [postId=45, authorId=1, title=내가 내가 맞을까?, category=철학, content=내가 내가 맞을까?
내가 내가 맞을까?
내가 내가 맞을까?
내가 내가 맞을까?
내가 내가 맞을까?
내가 내가 맞을까?, imageUrl=null, videoUrl=https://www.youtube.com/watch?v=jB1NnDz3Ckc, shortUrl=null, createdAt=2025-06-21 18:17:55.638787+09, updatedAt=2025-06-21 18:17:55.638787+09, viewCount=0, likeCount=1, toString()=com.UnderTheKorea.web.domain.Posts@6d85da70] - 성공(1)/실패(0)
(PostServiceImpl.java:64) - └ outVO : Posts [postId=44, authorId=1, title=성장하기 위해서는 고독이 필요하다., category=철학, content=성장하기 위해서는 고독이 필요하다.

외로움은 수동적인 것이고
고독은 자발적인 겁니다.

고독을 겪어본 적 없는 친구들이 모여있으면
발전이 없고 과거에만 머무르게 됩니다.

고독을 나눌 수준이 된다면
그들끼리 모입니다., imageUrl=null, videoUrl=null, shortUrl=https://www.youtube.com/shorts/mKBmkD6n-5w, createdAt=2025-06-17 01:17:18.266415+09, updatedAt=2025-06-17 01:17:18.266415+09, viewCount=0, likeCount=0, toString()=com.UnderTheKorea.web.domain.Posts@7e94b889] - 성공(1)/실패(0)
(PostServiceImpl.java:64) - └ outVO : Posts [postId=41, authorId=1, title=결혼이 성대할 필요가 있는지, category=철학, content=요즘 웨딩 가격때문에 부담을 느끼는 사람들이 부쩍 늘어가는 것 같다.
젊은 사람들과 이야기를 나눠봐도 확실히 스몰웨딩을 원하는 남성들이 늘어났다.
하지만 그걸 원하는 여성들이 많지 않기 때문에 걱정을 많이 하는 것 같다., imageUrl=null, videoUrl=https://www.youtube.com/watch?v=ACATaOrNnNo, shortUrl=null, createdAt=2025-06-16 10:48:38.345235+09, updatedAt=2025-06-16 10:48:38.345235+09, viewCount=0, likeCount=0, toString()=com.UnderTheKorea.web.domain.Posts@7b3a1d44] - 성공(1)/실패(0)
(PostServiceImpl.java:64) - └ outVO : Posts [postId=39, authorId=1, title=신이 죽는다는 의미, category=철학, content=서양의 모든 법의 근간은 신이 있다.

살인을 하면 안된다는 말은 누가 처음 하였는가? 신이다.
사실 신은 윤리이다., imageUrl=null, videoUrl=, shortUrl=https://www.youtube.com/shorts/BuC9IU3AUqk, createdAt=2025-06-16 10:34:04.993498+09, updatedAt=2025-06-16 10:34:04.993498+09, viewCount=0, likeCount=0, toString()=com.UnderTheKorea.web.domain.Posts@7bf7e12e] - 성공(1)/실패(0)
(PostServiceImpl.java:64) - └ outVO : Posts [postId=34, authorId=dfmaks123, title=철이 든다는 착각, category=철학, content=꿈을 잃어간다는 생각을 가끔씩 합니다.
꿈이라는게 존재하긴 했나 싶기도 하지만 분명히 꿈이 있었습니다.
가정을 행복하고 따뜻하게 가꿀 줄 아는 아빠가 되는게 제 꿈이었습니다.

세상과 타협을 하다보니 꿈을 잃었다 할 수도 있겠고,
제가 그 꿈을 이루기엔 너무 게을렀던 걸 수도 있다고 생각이 드네요.

"나의 라임 오렌지나무" 에서 제제는 자신 안에 있던 파랑새를 구름에 띄워보내주며 이런 말을 합니다.
“이제 너는 자유야. 가서 다른 슬픈 아이의 마음에 깃들어 줘.”

왜 아이들은 철이 들어야만 하나요?
아이들이 일찍 철들지 않았으면 좋겠습니다. 순수하고 아름다운 상태로 영원했으면 좋겠습니다.

지금처럼 어려운 시기에
모두가 철들지 않고 아름다운 시선으로 세상을 바라보고 서로를 볼 줄 알았으면 좋겠습니다., imageUrl=https://www.readersnews.com/news/photo/201405/47648_2858_421.jpg, videoUrl=null, shortUrl=null, createdAt=2025-06-12 17:38:37.571216+09, updatedAt=2025-06-12 17:38:37.571216+09, viewCount=0, likeCount=0, toString()=com.UnderTheKorea.web.domain.Posts@38e2f27a] - 성공(1)/실패(0)
(PostServiceImpl.java:64) - └ outVO : Posts [postId=33, authorId=1, title=현재 우리사회에 허무주의가 만연한 이유, category=철학, content=해당 유튜브의 내용에서 가장 인상 깊었던 점은 "인간은 머물면 안된다" 였다.

지금 우리사회(한국)는 부자를 적으로 생각하는 사람이 생각보다 많은 것 같다.
사실 우리의 사회 자체가 자본주의이기 때문에 모두의 꿈이 노동의 이유가 잘 먹고 잘 살기 위함이라고 생각한다.
그런데도 누군가는 부자를 적으로 생각하고 그들이 쌓은 부를 갈라 나눠야 된다고 생각하는데 그건 모순이지 않을까

그렇게 생각한다면 누가 노력해서 부자가 되려고 하는가?
그들이 노력하지 않고 게으름을 포장할 때 누군가는 아침 일찍 일어나서 새로운 아이디어를 가지고 전진한다.
사회가 게으름을 포장해주고 있다.
인간은 원래도 진취적이고 성장하려는 동물이며 그런 인간이 나아가지 못할 때 거부반응이 일어난다.
그런 거부반응이 전반적인 사회적인 분위기에 깔리게 되면서 인지부조화가 일어나고
연쇄작용으로 허무주의가 깔려버린다., imageUrl=null, videoUrl=https://www.youtube.com/watch?v=Kcnt3vIyduE, shortUrl=null, createdAt=2025-06-12 09:32:31.346222+09, updatedAt=2025-06-12 09:32:31.346222+09, viewCount=0, likeCount=0, toString()=com.UnderTheKorea.web.domain.Posts@6369451f] - 성공(1)/실패(0)
(PostServiceImpl.java:64) - └ outVO : Posts [postId=32, authorId=1, title=죽음이란, category=철학, content=죽음이란 단순 육체의 죽음을
의미하는 것이 아니다

육체 안의 그대라는 영적 존재가 자포자기 했을 때가 진정한 죽음이노라, imageUrl=https://img.seoul.co.kr/img/upload/2011/04/24/SSI_20110424181752.jpg, videoUrl=null, shortUrl=null, createdAt=2025-06-12 09:24:37.018834+09, updatedAt=2025-06-12 09:24:37.018834+09, viewCount=0, likeCount=0, toString()=com.UnderTheKorea.web.domain.Posts@4892a40b] - 성공(1)/실패(0)
(PostServiceImpl.java:64) - └ outVO : Posts [postId=25, authorId=kcs_login, title=아는 것이 힘 vs 모르는 게 약, category=철학, content=아는 것이 힘 vs 모르는 게 약


양 쪽 모두 진리이며 당신이 선택할 수 있다면 어느 쪽을 선택할 것인가.

당신에게 필요한 것은 힘인가 약인가., imageUrl=https://img3.daumcdn.net/thumb/R658x0.q70/?fname=https://t1.daumcdn.net/news/202210/23/tcast/20221023000018978lqxi.png, videoUrl=null, shortUrl=null, createdAt=2025-06-09 10:28:07.517314+09, updatedAt=2025-06-09 10:28:07.517314+09, viewCount=0, likeCount=0, toString()=com.UnderTheKorea.web.domain.Posts@c28c2a6] - 성공(1)/실패(0)
(PostController.java:33) - 로딩된 포스트 개수 : 10
(CommentServiceImpl.java:54) - ┌─────────────────────────────────────────
(CommentServiceImpl.java:55) - │ 댓글 Service :  전체 댓글 불러오기 
(CommentServiceImpl.java:56) - │ 1. postId : 61
(CommentServiceImpl.java:57) - └─────────────────────────────────────────
(PollServiceImpl.java:53) - ┌───────────────────────────────────
(PollServiceImpl.java:54) - │ 투표 service : 투표 불러오기
(PollServiceImpl.java:55) - └───────────────────────────────────
(PollServiceImpl.java:58) - └ outVO : null
(LikeServiceImpl.java:62) - ┌───────────────────────────────────
(LikeServiceImpl.java:63) - │ LikeServiceImpl() : isLikedCheck 
(LikeServiceImpl.java:64) - │ 1. postId : 61
(LikeServiceImpl.java:65) - │ 2. userId : 1
(LikeServiceImpl.java:69) - │3. outVO : 0 - 성공(1)/실패(0)
(LikeServiceImpl.java:70) - └───────────────────────────────────
(PollController.java:55) - postId 61 에 해당하는 투표가 존재하지 않습니다.
(PollController.java:57) - response : {hasLiked=false, poll=null, message=아직 투표가 존재하지 않습니다. 새로운 투표를 시작해보세요.}
(PollServiceImpl.java:53) - ┌───────────────────────────────────
(CommentServiceImpl.java:54) - ┌─────────────────────────────────────────
(PollServiceImpl.java:54) - │ 투표 service : 투표 불러오기
(PollServiceImpl.java:55) - └───────────────────────────────────
(CommentServiceImpl.java:55) - │ 댓글 Service :  전체 댓글 불러오기 
(CommentServiceImpl.java:56) - │ 1. postId : 59
(CommentServiceImpl.java:57) - └─────────────────────────────────────────
(PollServiceImpl.java:58) - └ outVO : null
(LikeServiceImpl.java:62) - ┌───────────────────────────────────
(LikeServiceImpl.java:63) - │ LikeServiceImpl() : isLikedCheck 
(LikeServiceImpl.java:64) - │ 1. postId : 59
(LikeServiceImpl.java:65) - │ 2. userId : 1
(LikeServiceImpl.java:69) - │3. outVO : 0 - 성공(1)/실패(0)
(LikeServiceImpl.java:70) - └───────────────────────────────────
(PollController.java:55) - postId 59 에 해당하는 투표가 존재하지 않습니다.
(PollController.java:57) - response : {hasLiked=false, poll=null, message=아직 투표가 존재하지 않습니다. 새로운 투표를 시작해보세요.}
(PollServiceImpl.java:53) - ┌───────────────────────────────────
(CommentServiceImpl.java:54) - ┌─────────────────────────────────────────
(PollServiceImpl.java:54) - │ 투표 service : 투표 불러오기
(CommentServiceImpl.java:55) - │ 댓글 Service :  전체 댓글 불러오기 
(PollServiceImpl.java:55) - └───────────────────────────────────
(CommentServiceImpl.java:56) - │ 1. postId : 61
(CommentServiceImpl.java:57) - └─────────────────────────────────────────
(PollServiceImpl.java:58) - └ outVO : null
(LikeServiceImpl.java:62) - ┌───────────────────────────────────
(LikeServiceImpl.java:63) - │ LikeServiceImpl() : isLikedCheck 
(LikeServiceImpl.java:64) - │ 1. postId : 61
(LikeServiceImpl.java:65) - │ 2. userId : 1
(LikeServiceImpl.java:69) - │3. outVO : 0 - 성공(1)/실패(0)
(LikeServiceImpl.java:70) - └───────────────────────────────────
(PollController.java:55) - postId 61 에 해당하는 투표가 존재하지 않습니다.
(PollController.java:57) - response : {hasLiked=false, poll=null, message=아직 투표가 존재하지 않습니다. 새로운 투표를 시작해보세요.}
(PoolBase.java:180) - HikariPool-1 - Failed to validate connection org.postgresql.jdbc.PgConnection@5a8bbf4d (This connection has been closed.). Possibly consider using a shorter maxLifetime value.
(PoolBase.java:180) - HikariPool-1 - Failed to validate connection org.postgresql.jdbc.PgConnection@747b6962 (This connection has been closed.). Possibly consider using a shorter maxLifetime value.
(PoolBase.java:180) - HikariPool-1 - Failed to validate connection org.postgresql.jdbc.PgConnection@10c0720d (This connection has been closed.). Possibly consider using a shorter maxLifetime value.
(PoolBase.java:180) - HikariPool-1 - Failed to validate connection org.postgresql.jdbc.PgConnection@17b6c68f (This connection has been closed.). Possibly consider using a shorter maxLifetime value.
(PoolBase.java:180) - HikariPool-1 - Failed to validate connection org.postgresql.jdbc.PgConnection@6cc3b601 (This connection has been closed.). Possibly consider using a shorter maxLifetime value.
(PoolBase.java:180) - HikariPool-1 - Failed to validate connection org.postgresql.jdbc.PgConnection@7f00e18e (This connection has been closed.). Possibly consider using a shorter maxLifetime value.
(PoolBase.java:180) - HikariPool-1 - Failed to validate connection org.postgresql.jdbc.PgConnection@7a60d105 (This connection has been closed.). Possibly consider using a shorter maxLifetime value.
(PoolBase.java:180) - HikariPool-1 - Failed to validate connection org.postgresql.jdbc.PgConnection@73969f95 (This connection has been closed.). Possibly consider using a shorter maxLifetime value.
(PoolBase.java:180) - HikariPool-1 - Failed to validate connection org.postgresql.jdbc.PgConnection@4f739d12 (This connection has been closed.). Possibly consider using a shorter maxLifetime value.
(PoolBase.java:180) - HikariPool-1 - Failed to validate connection org.postgresql.jdbc.PgConnection@13b80d99 (This connection has been closed.). Possibly consider using a shorter maxLifetime value.
(PostServiceImpl.java:55) - ┌───────────────────────────────────
(PostServiceImpl.java:56) - │ 게시물 service : 포스팅 불러오기 
(PostServiceImpl.java:57) - └───────────────────────────────────
(PostServiceImpl.java:59) - ┌ 1. 카테고리 : 정치
(PostServiceImpl.java:60) - │ 2. pageNo : 0
(UserController.java:33) - loginRequest : 1
(UserServiceImpl.java:54) - ┌───────────────────────────────────
(UserServiceImpl.java:55) - │ UserServiceImpl() : login 
(UserServiceImpl.java:56) - └───────────────────────────────────
(UserServiceImpl.java:58) - ┌ 1. id : 1
(UserServiceImpl.java:59) - │ 2. pw : 1
(PostServiceImpl.java:64) - └ outVO : Posts [postId=60, authorId=1, title=123, category=정치, content={"ops":[{"insert":"dk wlsWK\n"}]}, imageUrl=null, videoUrl=https://www.youtube.com/watch?v=AD43INq1Rks, shortUrl=null, createdAt=2025-07-03 21:04:16.217741+09, updatedAt=2025-07-03 21:04:16.217741+09, viewCount=0, likeCount=0, toString()=com.UnderTheKorea.web.domain.Posts@30b325b8] - 성공(1)/실패(0)
(PostServiceImpl.java:64) - └ outVO : Posts [postId=38, authorId=1, title=실체가 하나씩 하나씩 드러납니다, category=정치, content=가만히 생각해보니 정치는 빨강과 파랑이 싸우다가 뒤에서 소주 까면서 오늘 어땠냐는 말이 있는데
윤석열 진짜 외로웠을 듯... 사실 이지경까지 온 게 국민의 힘 탓도 있음.
저런 사람이 대통령 됐는데 힘을 안씀. 아마 지들 마음에 안든다고 안도와줬을거임.
그런데 지금 진짜 큰일날 것 같으니까 말그대로 발등에 불 떨어지니까 그제서야 들고 일어나는거임.
진짜 민주당이나 국힘이나 둘 다 마음에 안듦.
윤대통령 국힘도 싫다고 했던 녹취록도 있음., imageUrl=null, videoUrl=https://www.youtube.com/watch?v=wcMyP0sPQ2Q, shortUrl=null, createdAt=2025-06-15 03:44:54.356301+09, updatedAt=2025-06-15 03:44:54.356301+09, viewCount=0, likeCount=1, toString()=com.UnderTheKorea.web.domain.Posts@54874b7] - 성공(1)/실패(0)
(PostServiceImpl.java:64) - └ outVO : Posts [postId=35, authorId=dfmaks123, title=검찰청 폐지가 무슨 의미인지 알아?, category=정치, content=검찰청 없애고  중수청(중대범죄수사청) 신설하는데 문제가 있냐 라고 하는데
눈높이 설명이 있어서 가져와봤다.

교육청 → 검정고시청: 정규교육 시스템(학교, 대학)을 없애고 자격시험만으로 교육을 관리하겠다는 식

과학기술부서 → 이공계부서: 상위 정책 수립·지원 기관을 없애고 단편적 실행 기관만 남기겠다는 식

의학부 → 간호조무사청: 진료 총괄 권한을 의사에서 간호조무사에게 주겠다는 식

교수청 → 교사청: 고등교육을 담당하는 교수조직을 없애고 중등교육 수준에서 전부 관리하겠다는 식

그러니까 고등 기관이 떡하니 있는데 하위기관 신설하고 고등기관 편입시켜서 관리하겠다는거임
권력 문제가 가장 큼.
정부 관리하에 있는 기관임.
검찰청도 정부 관리하에 있는 기관 아니였냐?
이런 무식한 소리할거면 그냥 말을 말아라..

검찰청은 수사권과 기소권을 가진 기관으로, 법무부 산하에 있지만 어느 정도의 독립성을 보장받으며
"권력 감시 기능"을 해옴.
그런데 중수청 신설하면서 검찰은 기소권만을 갖고 중수청이 수사권을 가져감.
그럼 검찰이 기소(야 여기 사건!)하면 중수청이 (어 이거 수사해볼게) 해야되는데 정부가 마음에 안들면 수사 안할 수도 있는거임. 그러니까 부패가 늘어나겠지.., imageUrl=https://file2.nocutnews.co.kr/newsroom/image/2025/06/12/202506120620421246_0.jpg, videoUrl=null, shortUrl=null, createdAt=2025-06-13 08:07:14.028236+09, updatedAt=2025-06-13 08:07:14.028236+09, viewCount=0, likeCount=1, toString()=com.UnderTheKorea.web.domain.Posts@50a31748] - 성공(1)/실패(0)
(PostServiceImpl.java:64) - └ outVO : Posts [postId=28, authorId=1, title=강유정 대변인 대통령실 브리핑, category=정치, content=아니 너네 질문을 받는 입장이 맞잖아. 
설사 니네 마음에 안드는 질문 한다고 해도 왜 기자랑 기싸움을 하는거냐?
좌빨 댓글 그만 봐야겠다 진짜로, imageUrl=null, videoUrl=https://www.youtube.com/watch?v=ZdWv6F_pA1w, shortUrl=null, createdAt=2025-06-11 11:59:22.913702+09, updatedAt=2025-06-11 11:59:22.913702+09, viewCount=0, likeCount=0, toString()=com.UnderTheKorea.web.domain.Posts@7bd7db] - 성공(1)/실패(0)
(PostServiceImpl.java:64) - └ outVO : Posts [postId=27, authorId=1, title=그라운드C 표지 어그로 심하네, category=정치, content=그라운드C 표지 어그로 심하네 라고 생각하고 들어가서 봤다.
1시간 30분 동안 화만 잔뜩 났다.

1. 언론3법 : 언론탄압(거슬리면 제제 때리겠다)

2. 강유정 대변인 대통령실 브리핑 : 브리핑 나와서 언론이랑 기싸움 러시안 룰렛 갈기는 튼튼한 대변인 (눈썹 위트까지...) 댓글이 더 가관이다.

3. 소비자 탄소세 :
경제박살(탄소가 발생하는 모든 행위에 세금부과 -> 모든 물품에 가격인상 -> 실질적인 소비하락 -> 화폐가치 하락 -> 수입물가 상승) 

4. 디지털세 : 이게 제일 어이없음. 디지털 플랫폼에서 매출대비 세금을 걷겠다. '좋아요 누르는 행위'를 노동으로 간주한다.
좋아요 누름 -> 네트워크 효과로 인해 규모가 디지털 플랫폼의 커지고 수익이 늘어남 -> 하지만 그 수익이 노동자(좋아요를 누른 사람)에게는 돌아오지 않음 -> 그걸 나누겠다.

5. 대북송금... 할 말 없다., imageUrl=null, videoUrl=https://www.youtube.com/watch?v=zr1Xjy3ebhQ, shortUrl=null, createdAt=2025-06-11 11:56:23.721361+09, updatedAt=2025-06-11 11:56:23.721361+09, viewCount=0, likeCount=0, toString()=com.UnderTheKorea.web.domain.Posts@29ccbc89] - 성공(1)/실패(0)
(PostServiceImpl.java:64) - └ outVO : Posts [postId=2, authorId=1, title=정치 양극화 해소, 소통과 공감의 정치 기대, category=정치, content=현재 한국 사회는 극심한 정치적 양극화로 인해 많은 사회적 비용을 치르고 있습니다. 서로 다른 이념과 가치를 가진 집단들이 대립하며 건설적인 논의가 어려워지고 있습니다. 이제는 이분법적 사고방식에서 벗어나 상호 존중과 이해를 바탕으로 하는 소통의 장이 필요합니다. 국민의 목소리에 귀 기울이고, 사회적 약자를 포용하는 정치, 그리고 미래를 위한 합리적인 대안을 제시하는 정치를 기대합니다. 통합과 화합의 리더십이 절실한 시점입니다. 이를 통해 사회적 갈등을 줄이고, 생산적인 합의를 도출해 나갈 수 있어야 합니다., imageUrl=https://img.hankyung.com/photo/202204/AA.29528645.1.jpg, videoUrl=null, shortUrl=null, createdAt=2025-06-04 13:25:57.201598+09, updatedAt=2025-06-04 13:25:57.201598+09, viewCount=0, likeCount=1, toString()=com.UnderTheKorea.web.domain.Posts@6f6788cb] - 성공(1)/실패(0)
(PostServiceImpl.java:64) - └ outVO : Posts [postId=7, authorId=1, title=정책 결정 과정의 투명성 강화 방안 제안, category=정치, content=정부의 정책 결정 과정은 국민의 삶에 직접적인 영향을 미치므로, 그 투명성이 매우 중요합니다. 정책 입안 단계부터 시민들의 의견을 적극적으로 수렴하고, 결정 과정과 근거를 명확하게 공개하여 신뢰를 높여야 합니다. 또한, 특정 이해집단의 영향력을 배제하고 공정하고 합리적인 의사결정이 이루어질 수 있도록 제도적 장치를 강화해야 합니다. 투명하고 공정한 정책 결정은 국민의 지지를 얻는 중요한 기반이 됩니다. 이는 정부와 국민 간의 신뢰를 구축하는 데 필수적입니다., imageUrl=null, videoUrl=https://www.youtube.com/watch?v=JSdlqs3fmYs, shortUrl=null, createdAt=2025-06-04 13:25:57.201598+09, updatedAt=2025-06-04 13:25:57.201598+09, viewCount=0, likeCount=1, toString()=com.UnderTheKorea.web.domain.Posts@27b6db38] - 성공(1)/실패(0)
(PostController.java:33) - 로딩된 포스트 개수 : 7
(UserServiceImpl.java:62) - └ 3. outVO : Users [serialNo=0, grade=1, userId=1, password=1, userName=관리자, createdAt=2025-06-04 13:25:19.782185+09, updatedAt=2025-06-04 13:25:19.782185+09, rememberMe=false, toString()=com.UnderTheKorea.web.domain.Users@ae4dc2a]
(UserController.java:46) - □ (세션) 일반 로그인: 세션 만료 시간 30분으로 설정.
(SpringApplicationAdminMXBeanRegistrar.java:159) - Application shutdown requested.
(GracefulShutdown.java:54) - Commencing graceful shutdown. Waiting for active requests to complete
(DirectJDKLog.java:168) - Pausing ProtocolHandler ["http-nio-80"]
(GracefulShutdown.java:76) - Graceful shutdown complete
(DirectJDKLog.java:168) - Stopping ProtocolHandler ["http-nio-80"]
(HikariDataSource.java:349) - HikariPool-1 - Shutdown initiated...
(HikariDataSource.java:351) - HikariPool-1 - Shutdown completed.
