(StartupInfoLogger.java:53) - Starting UnderTheKoreaApplication using Java 17.0.12 with PID 17588 (C:\Web_Dev\Spring_\Spring_workspace\UnderTheKorea\bin\main started by kevin in C:\Web_Dev\Spring_\Spring_workspace\UnderTheKorea)
(StartupInfoLogger.java:54) - Running with Spring Boot v3.4.5, Spring v6.2.6
(SpringApplication.java:652) - No active profile set, falling back to 1 default profile: "default"
(TomcatWebServer.java:111) - Tomcat initialized with port 80 (http)
(DirectJDKLog.java:168) - Initializing ProtocolHandler ["http-nio-80"]
(DirectJDKLog.java:168) - Starting service [Tomcat]
(DirectJDKLog.java:168) - Starting Servlet engine: [Apache Tomcat/10.1.40]
(DirectJDKLog.java:168) - Initializing Spring embedded WebApplicationContext
(ServletWebServerApplicationContext.java:301) - Root WebApplicationContext: initialization completed in 659 ms
(WelcomePageHandlerMapping.java:59) - Adding welcome page: class path resource [static/index.html]
(DirectJDKLog.java:168) - Starting ProtocolHandler ["http-nio-80"]
(TomcatWebServer.java:243) - Tomcat started on port 80 (http) with context path '/'
(StartupInfoLogger.java:59) - Started UnderTheKoreaApplication in 1.317 seconds (process running for 1.929)
(DirectJDKLog.java:168) - Initializing Spring DispatcherServlet 'dispatcherServlet'
(FrameworkServlet.java:532) - Initializing Servlet 'dispatcherServlet'
(FrameworkServlet.java:554) - Completed initialization in 0 ms
(PostServiceImpl.java:55) - ┌───────────────────────────────────
(PostServiceImpl.java:56) - │ 게시물 service : 포스팅 불러오기 
(PostServiceImpl.java:57) - └───────────────────────────────────
(PostServiceImpl.java:59) - ┌ 1. 카테고리 : 철학
(PostServiceImpl.java:60) - │ 2. pageNo : 0
(HikariDataSource.java:109) - HikariPool-1 - Starting...
(HikariPool.java:554) - HikariPool-1 - Added connection org.postgresql.jdbc.PgConnection@721f5a64
(HikariDataSource.java:122) - HikariPool-1 - Start completed.
(PostServiceImpl.java:64) - └ outVO : Posts [postId=45, authorId=1, title=내가 내가 맞을까?, category=철학, content=내가 내가 맞을까?
내가 내가 맞을까?
내가 내가 맞을까?
내가 내가 맞을까?
내가 내가 맞을까?
내가 내가 맞을까?, imageUrl=null, videoUrl=https://www.youtube.com/watch?v=jB1NnDz3Ckc, shortUrl=null, createdAt=2025-06-21 18:17:55.638787+09, updatedAt=2025-06-21 18:17:55.638787+09, viewCount=0, likeCount=1, toString()=com.UnderTheKorea.web.domain.Posts@213616cb] - 성공(1)/실패(0)
(PostServiceImpl.java:64) - └ outVO : Posts [postId=44, authorId=1, title=성장하기 위해서는 고독이 필요하다., category=철학, content=성장하기 위해서는 고독이 필요하다.

외로움은 수동적인 것이고
고독은 자발적인 겁니다.

고독을 겪어본 적 없는 친구들이 모여있으면
발전이 없고 과거에만 머무르게 됩니다.

고독을 나눌 수준이 된다면
그들끼리 모입니다., imageUrl=null, videoUrl=null, shortUrl=https://www.youtube.com/shorts/mKBmkD6n-5w, createdAt=2025-06-17 01:17:18.266415+09, updatedAt=2025-06-17 01:17:18.266415+09, viewCount=0, likeCount=0, toString()=com.UnderTheKorea.web.domain.Posts@6009f9c7] - 성공(1)/실패(0)
(PostServiceImpl.java:64) - └ outVO : Posts [postId=41, authorId=1, title=결혼이 성대할 필요가 있는지, category=철학, content=요즘 웨딩 가격때문에 부담을 느끼는 사람들이 부쩍 늘어가는 것 같다.
젊은 사람들과 이야기를 나눠봐도 확실히 스몰웨딩을 원하는 남성들이 늘어났다.
하지만 그걸 원하는 여성들이 많지 않기 때문에 걱정을 많이 하는 것 같다., imageUrl=null, videoUrl=https://www.youtube.com/watch?v=ACATaOrNnNo, shortUrl=null, createdAt=2025-06-16 10:48:38.345235+09, updatedAt=2025-06-16 10:48:38.345235+09, viewCount=0, likeCount=0, toString()=com.UnderTheKorea.web.domain.Posts@6fe470a0] - 성공(1)/실패(0)
(PostServiceImpl.java:64) - └ outVO : Posts [postId=39, authorId=1, title=신이 죽는다는 의미, category=철학, content=서양의 모든 법의 근간은 신이 있다.

살인을 하면 안된다는 말은 누가 처음 하였는가? 신이다.
사실 신은 윤리이다., imageUrl=null, videoUrl=, shortUrl=https://www.youtube.com/shorts/BuC9IU3AUqk, createdAt=2025-06-16 10:34:04.993498+09, updatedAt=2025-06-16 10:34:04.993498+09, viewCount=0, likeCount=0, toString()=com.UnderTheKorea.web.domain.Posts@1554b4c] - 성공(1)/실패(0)
(PostServiceImpl.java:64) - └ outVO : Posts [postId=34, authorId=dfmaks123, title=철이 든다는 착각, category=철학, content=꿈을 잃어간다는 생각을 가끔씩 합니다.
꿈이라는게 존재하긴 했나 싶기도 하지만 분명히 꿈이 있었습니다.
가정을 행복하고 따뜻하게 가꿀 줄 아는 아빠가 되는게 제 꿈이었습니다.

세상과 타협을 하다보니 꿈을 잃었다 할 수도 있겠고,
제가 그 꿈을 이루기엔 너무 게을렀던 걸 수도 있다고 생각이 드네요.

"나의 라임 오렌지나무" 에서 제제는 자신 안에 있던 파랑새를 구름에 띄워보내주며 이런 말을 합니다.
“이제 너는 자유야. 가서 다른 슬픈 아이의 마음에 깃들어 줘.”

왜 아이들은 철이 들어야만 하나요?
아이들이 일찍 철들지 않았으면 좋겠습니다. 순수하고 아름다운 상태로 영원했으면 좋겠습니다.

지금처럼 어려운 시기에
모두가 철들지 않고 아름다운 시선으로 세상을 바라보고 서로를 볼 줄 알았으면 좋겠습니다., imageUrl=https://www.readersnews.com/news/photo/201405/47648_2858_421.jpg, videoUrl=null, shortUrl=null, createdAt=2025-06-12 17:38:37.571216+09, updatedAt=2025-06-12 17:38:37.571216+09, viewCount=0, likeCount=0, toString()=com.UnderTheKorea.web.domain.Posts@63ad4de6] - 성공(1)/실패(0)
(PostServiceImpl.java:64) - └ outVO : Posts [postId=33, authorId=1, title=현재 우리사회에 허무주의가 만연한 이유, category=철학, content=해당 유튜브의 내용에서 가장 인상 깊었던 점은 "인간은 머물면 안된다" 였다.

지금 우리사회(한국)는 부자를 적으로 생각하는 사람이 생각보다 많은 것 같다.
사실 우리의 사회 자체가 자본주의이기 때문에 모두의 꿈이 노동의 이유가 잘 먹고 잘 살기 위함이라고 생각한다.
그런데도 누군가는 부자를 적으로 생각하고 그들이 쌓은 부를 갈라 나눠야 된다고 생각하는데 그건 모순이지 않을까

그렇게 생각한다면 누가 노력해서 부자가 되려고 하는가?
그들이 노력하지 않고 게으름을 포장할 때 누군가는 아침 일찍 일어나서 새로운 아이디어를 가지고 전진한다.
사회가 게으름을 포장해주고 있다.
인간은 원래도 진취적이고 성장하려는 동물이며 그런 인간이 나아가지 못할 때 거부반응이 일어난다.
그런 거부반응이 전반적인 사회적인 분위기에 깔리게 되면서 인지부조화가 일어나고
연쇄작용으로 허무주의가 깔려버린다., imageUrl=null, videoUrl=https://www.youtube.com/watch?v=Kcnt3vIyduE, shortUrl=null, createdAt=2025-06-12 09:32:31.346222+09, updatedAt=2025-06-12 09:32:31.346222+09, viewCount=0, likeCount=0, toString()=com.UnderTheKorea.web.domain.Posts@4c455795] - 성공(1)/실패(0)
(PostServiceImpl.java:64) - └ outVO : Posts [postId=32, authorId=1, title=죽음이란, category=철학, content=죽음이란 단순 육체의 죽음을
의미하는 것이 아니다

육체 안의 그대라는 영적 존재가 자포자기 했을 때가 진정한 죽음이노라, imageUrl=https://img.seoul.co.kr/img/upload/2011/04/24/SSI_20110424181752.jpg, videoUrl=null, shortUrl=null, createdAt=2025-06-12 09:24:37.018834+09, updatedAt=2025-06-12 09:24:37.018834+09, viewCount=0, likeCount=0, toString()=com.UnderTheKorea.web.domain.Posts@685fcd] - 성공(1)/실패(0)
(PostServiceImpl.java:64) - └ outVO : Posts [postId=25, authorId=kcs_login, title=아는 것이 힘 vs 모르는 게 약, category=철학, content=아는 것이 힘 vs 모르는 게 약


양 쪽 모두 진리이며 당신이 선택할 수 있다면 어느 쪽을 선택할 것인가.

당신에게 필요한 것은 힘인가 약인가., imageUrl=https://img3.daumcdn.net/thumb/R658x0.q70/?fname=https://t1.daumcdn.net/news/202210/23/tcast/20221023000018978lqxi.png, videoUrl=null, shortUrl=null, createdAt=2025-06-09 10:28:07.517314+09, updatedAt=2025-06-09 10:28:07.517314+09, viewCount=0, likeCount=0, toString()=com.UnderTheKorea.web.domain.Posts@2b4c6ba7] - 성공(1)/실패(0)
(PostServiceImpl.java:64) - └ outVO : Posts [postId=4, authorId=1, title=성공은 한 번의 큰 도약이 아니라 작은 노력의 연속, category=철학, content=우리가 흔히 말하는 성공은 거창한 한 번의 도약에서 오는 것이 아닙니다. 오히려 매일매일 꾸준히 쌓아가는 작은 노력과 성실함의 연속입니다. 실패를 두려워하지 않고 끊임없이 도전하며, 그 과정에서 배우고 성장하는 것이 진정한 성공의 길입니다. 매 순간 최선을 다하고, 오늘 할 일을 내일로 미루지 않으며, 어제보다 나은 오늘을 만들기 위해 꾸준히 노력하는 자세가 중요합니다. 이러한 좌우명은 삶의 어떠한 역경도 이겨낼 힘을 주며, 지속적인 발전의 원동력이 됩니다., imageUrl=https://cdn.startuptoday.kr/news/photo/202007/40087_20039_4056.jpg, videoUrl=null, shortUrl=null, createdAt=2025-06-04 13:25:57.201598+09, updatedAt=2025-06-04 13:25:57.201598+09, viewCount=0, likeCount=3, toString()=com.UnderTheKorea.web.domain.Posts@2207c155] - 성공(1)/실패(0)
(PostServiceImpl.java:64) - └ outVO : Posts [postId=1, authorId=1, title=인공지능 시대의 윤리적 과제와 미래 사회, category=철학, content=급속도로 발전하는 인공지능 기술은 우리에게 편리함을 제공하지만, 동시에 심오한 윤리적 질문들을 던지고 있습니다. 자율주행차의 사고 책임, AI의 의사 결정 과정의 투명성, 그리고 인공지능이 가져올 고용 시장의 변화 등은 우리가 반드시 고민해야 할 문제입니다. 기술 발전과 더불어 인간의 존엄성과 사회적 가치를 어떻게 지켜나갈 것인지에 대한 철학적 성찰이 요구됩니다. 미래 사회를 위한 지속 가능한 AI 윤리 가이드라인 마련이 중요합니다. 사회적 합의를 통해 인공지능의 긍정적인 잠재력을 최대한 활용하면서도, 잠재적 위험을 최소화할 수 있는 방안을 모색해야 합니다., imageUrl=https://image.semiconductor.samsung.com/image/samsung/p6/semiconductor/newsroom/tech-blog/bringing-artificial-intelligence-to-devices-everywhere_01_PC.png?$ORIGIN_PNG$, videoUrl=null, shortUrl=null, createdAt=2025-06-04 13:25:57.201598+09, updatedAt=2025-06-04 13:25:57.201598+09, viewCount=0, likeCount=4, toString()=com.UnderTheKorea.web.domain.Posts@4418c37f] - 성공(1)/실패(0)
(PostController.java:33) - 로딩된 포스트 개수 : 10
(UserController.java:33) - loginRequest : 1
(UserServiceImpl.java:54) - ┌───────────────────────────────────
(UserServiceImpl.java:55) - │ UserServiceImpl() : login 
(UserServiceImpl.java:56) - └───────────────────────────────────
(UserServiceImpl.java:58) - ┌ 1. id : 1
(UserServiceImpl.java:59) - │ 2. pw : 1
(UserServiceImpl.java:62) - └ 3. outVO : Users [serialNo=0, grade=1, userId=1, password=1, userName=관리자, createdAt=2025-06-04 13:25:19.782185+09, updatedAt=2025-06-04 13:25:19.782185+09, rememberMe=false, toString()=com.UnderTheKorea.web.domain.Users@67fe14b8]
(UserController.java:46) - □ (세션) 일반 로그인: 세션 만료 시간 30분으로 설정.
(SpringApplicationAdminMXBeanRegistrar.java:159) - Application shutdown requested.
(GracefulShutdown.java:54) - Commencing graceful shutdown. Waiting for active requests to complete
(DirectJDKLog.java:168) - Pausing ProtocolHandler ["http-nio-80"]
(GracefulShutdown.java:76) - Graceful shutdown complete
(DirectJDKLog.java:168) - Stopping ProtocolHandler ["http-nio-80"]
(HikariDataSource.java:349) - HikariPool-1 - Shutdown initiated...
(HikariDataSource.java:351) - HikariPool-1 - Shutdown completed.
(StartupInfoLogger.java:53) - Starting UnderTheKoreaApplication using Java 17.0.12 with PID 14996 (C:\Web_Dev\Spring_\Spring_workspace\UnderTheKorea\bin\main started by kevin in C:\Web_Dev\Spring_\Spring_workspace\UnderTheKorea)
(StartupInfoLogger.java:54) - Running with Spring Boot v3.4.5, Spring v6.2.6
(SpringApplication.java:652) - No active profile set, falling back to 1 default profile: "default"
(TomcatWebServer.java:111) - Tomcat initialized with port 80 (http)
(DirectJDKLog.java:168) - Initializing ProtocolHandler ["http-nio-80"]
(DirectJDKLog.java:168) - Starting service [Tomcat]
(DirectJDKLog.java:168) - Starting Servlet engine: [Apache Tomcat/10.1.40]
(DirectJDKLog.java:168) - Initializing Spring embedded WebApplicationContext
(ServletWebServerApplicationContext.java:301) - Root WebApplicationContext: initialization completed in 631 ms
(WelcomePageHandlerMapping.java:59) - Adding welcome page: class path resource [static/index.html]
(DirectJDKLog.java:168) - Starting ProtocolHandler ["http-nio-80"]
(TomcatWebServer.java:243) - Tomcat started on port 80 (http) with context path '/'
(StartupInfoLogger.java:59) - Started UnderTheKoreaApplication in 1.31 seconds (process running for 1.915)
(DirectJDKLog.java:168) - Initializing Spring DispatcherServlet 'dispatcherServlet'
(FrameworkServlet.java:532) - Initializing Servlet 'dispatcherServlet'
(FrameworkServlet.java:554) - Completed initialization in 2 ms
(SpringApplicationAdminMXBeanRegistrar.java:159) - Application shutdown requested.
(GracefulShutdown.java:54) - Commencing graceful shutdown. Waiting for active requests to complete
(DirectJDKLog.java:168) - Pausing ProtocolHandler ["http-nio-80"]
(GracefulShutdown.java:76) - Graceful shutdown complete
(DirectJDKLog.java:168) - Stopping ProtocolHandler ["http-nio-80"]
(StartupInfoLogger.java:53) - Starting UnderTheKoreaApplication using Java 17.0.12 with PID 21168 (C:\Web_Dev\Spring_\Spring_workspace\UnderTheKorea\bin\main started by kevin in C:\Web_Dev\Spring_\Spring_workspace\UnderTheKorea)
(StartupInfoLogger.java:54) - Running with Spring Boot v3.4.5, Spring v6.2.6
(SpringApplication.java:652) - No active profile set, falling back to 1 default profile: "default"
(TomcatWebServer.java:111) - Tomcat initialized with port 80 (http)
(DirectJDKLog.java:168) - Initializing ProtocolHandler ["http-nio-80"]
(DirectJDKLog.java:168) - Starting service [Tomcat]
(DirectJDKLog.java:168) - Starting Servlet engine: [Apache Tomcat/10.1.40]
(DirectJDKLog.java:168) - Initializing Spring embedded WebApplicationContext
(ServletWebServerApplicationContext.java:301) - Root WebApplicationContext: initialization completed in 626 ms
(WelcomePageHandlerMapping.java:59) - Adding welcome page: class path resource [static/index.html]
(DirectJDKLog.java:168) - Starting ProtocolHandler ["http-nio-80"]
(TomcatWebServer.java:243) - Tomcat started on port 80 (http) with context path '/'
(StartupInfoLogger.java:59) - Started UnderTheKoreaApplication in 1.372 seconds (process running for 1.971)
(DirectJDKLog.java:168) - Initializing Spring DispatcherServlet 'dispatcherServlet'
(FrameworkServlet.java:532) - Initializing Servlet 'dispatcherServlet'
(FrameworkServlet.java:554) - Completed initialization in 1 ms
(SpringApplicationAdminMXBeanRegistrar.java:159) - Application shutdown requested.
(GracefulShutdown.java:54) - Commencing graceful shutdown. Waiting for active requests to complete
(DirectJDKLog.java:168) - Pausing ProtocolHandler ["http-nio-80"]
(GracefulShutdown.java:76) - Graceful shutdown complete
(DirectJDKLog.java:168) - Stopping ProtocolHandler ["http-nio-80"]
(StartupInfoLogger.java:53) - Starting UnderTheKoreaApplication using Java 17.0.12 with PID 30300 (C:\Web_Dev\Spring_\Spring_workspace\UnderTheKorea\bin\main started by kevin in C:\Web_Dev\Spring_\Spring_workspace\UnderTheKorea)
(StartupInfoLogger.java:54) - Running with Spring Boot v3.4.5, Spring v6.2.6
(SpringApplication.java:652) - No active profile set, falling back to 1 default profile: "default"
(TomcatWebServer.java:111) - Tomcat initialized with port 80 (http)
(DirectJDKLog.java:168) - Initializing ProtocolHandler ["http-nio-80"]
(DirectJDKLog.java:168) - Starting service [Tomcat]
(DirectJDKLog.java:168) - Starting Servlet engine: [Apache Tomcat/10.1.40]
(DirectJDKLog.java:168) - Initializing Spring embedded WebApplicationContext
(ServletWebServerApplicationContext.java:301) - Root WebApplicationContext: initialization completed in 594 ms
(WelcomePageHandlerMapping.java:59) - Adding welcome page: class path resource [static/index.html]
(DirectJDKLog.java:168) - Starting ProtocolHandler ["http-nio-80"]
(TomcatWebServer.java:243) - Tomcat started on port 80 (http) with context path '/'
(StartupInfoLogger.java:59) - Started UnderTheKoreaApplication in 1.249 seconds (process running for 1.877)
(DirectJDKLog.java:168) - Initializing Spring DispatcherServlet 'dispatcherServlet'
(FrameworkServlet.java:532) - Initializing Servlet 'dispatcherServlet'
(FrameworkServlet.java:554) - Completed initialization in 2 ms
(SpringApplicationAdminMXBeanRegistrar.java:159) - Application shutdown requested.
(GracefulShutdown.java:54) - Commencing graceful shutdown. Waiting for active requests to complete
(DirectJDKLog.java:168) - Pausing ProtocolHandler ["http-nio-80"]
(GracefulShutdown.java:76) - Graceful shutdown complete
(DirectJDKLog.java:168) - Stopping ProtocolHandler ["http-nio-80"]
(StartupInfoLogger.java:53) - Starting UnderTheKoreaApplication using Java 17.0.12 with PID 30168 (C:\Web_Dev\Spring_\Spring_workspace\UnderTheKorea\bin\main started by kevin in C:\Web_Dev\Spring_\Spring_workspace\UnderTheKorea)
(StartupInfoLogger.java:54) - Running with Spring Boot v3.4.5, Spring v6.2.6
(SpringApplication.java:652) - No active profile set, falling back to 1 default profile: "default"
(TomcatWebServer.java:111) - Tomcat initialized with port 80 (http)
(DirectJDKLog.java:168) - Initializing ProtocolHandler ["http-nio-80"]
(DirectJDKLog.java:168) - Starting service [Tomcat]
(DirectJDKLog.java:168) - Starting Servlet engine: [Apache Tomcat/10.1.40]
(DirectJDKLog.java:168) - Initializing Spring embedded WebApplicationContext
(ServletWebServerApplicationContext.java:301) - Root WebApplicationContext: initialization completed in 651 ms
(WelcomePageHandlerMapping.java:59) - Adding welcome page: class path resource [static/index.html]
(DirectJDKLog.java:168) - Starting ProtocolHandler ["http-nio-80"]
(TomcatWebServer.java:243) - Tomcat started on port 80 (http) with context path '/'
(StartupInfoLogger.java:59) - Started UnderTheKoreaApplication in 1.321 seconds (process running for 1.944)
(DirectJDKLog.java:168) - Initializing Spring DispatcherServlet 'dispatcherServlet'
(FrameworkServlet.java:532) - Initializing Servlet 'dispatcherServlet'
(FrameworkServlet.java:554) - Completed initialization in 1 ms
(SpringApplicationAdminMXBeanRegistrar.java:159) - Application shutdown requested.
(GracefulShutdown.java:54) - Commencing graceful shutdown. Waiting for active requests to complete
(DirectJDKLog.java:168) - Pausing ProtocolHandler ["http-nio-80"]
(GracefulShutdown.java:76) - Graceful shutdown complete
(DirectJDKLog.java:168) - Stopping ProtocolHandler ["http-nio-80"]
(StartupInfoLogger.java:53) - Starting UnderTheKoreaApplication using Java 17.0.12 with PID 30264 (C:\Web_Dev\Spring_\Spring_workspace\UnderTheKorea\bin\main started by kevin in C:\Web_Dev\Spring_\Spring_workspace\UnderTheKorea)
(StartupInfoLogger.java:54) - Running with Spring Boot v3.4.5, Spring v6.2.6
(SpringApplication.java:652) - No active profile set, falling back to 1 default profile: "default"
(TomcatWebServer.java:111) - Tomcat initialized with port 80 (http)
(DirectJDKLog.java:168) - Initializing ProtocolHandler ["http-nio-80"]
(DirectJDKLog.java:168) - Starting service [Tomcat]
(DirectJDKLog.java:168) - Starting Servlet engine: [Apache Tomcat/10.1.40]
(DirectJDKLog.java:168) - Initializing Spring embedded WebApplicationContext
(ServletWebServerApplicationContext.java:301) - Root WebApplicationContext: initialization completed in 614 ms
(WelcomePageHandlerMapping.java:59) - Adding welcome page: class path resource [static/index.html]
(DirectJDKLog.java:168) - Starting ProtocolHandler ["http-nio-80"]
(TomcatWebServer.java:243) - Tomcat started on port 80 (http) with context path '/'
(StartupInfoLogger.java:59) - Started UnderTheKoreaApplication in 1.293 seconds (process running for 1.989)
(DirectJDKLog.java:168) - Initializing Spring DispatcherServlet 'dispatcherServlet'
(FrameworkServlet.java:532) - Initializing Servlet 'dispatcherServlet'
(FrameworkServlet.java:554) - Completed initialization in 1 ms
(SpringApplicationAdminMXBeanRegistrar.java:159) - Application shutdown requested.
(GracefulShutdown.java:54) - Commencing graceful shutdown. Waiting for active requests to complete
(DirectJDKLog.java:168) - Pausing ProtocolHandler ["http-nio-80"]
(GracefulShutdown.java:76) - Graceful shutdown complete
(DirectJDKLog.java:168) - Stopping ProtocolHandler ["http-nio-80"]
(StartupInfoLogger.java:53) - Starting UnderTheKoreaApplication using Java 17.0.12 with PID 31940 (C:\Web_Dev\Spring_\Spring_workspace\UnderTheKorea\bin\main started by kevin in C:\Web_Dev\Spring_\Spring_workspace\UnderTheKorea)
(StartupInfoLogger.java:54) - Running with Spring Boot v3.4.5, Spring v6.2.6
(SpringApplication.java:652) - No active profile set, falling back to 1 default profile: "default"
(TomcatWebServer.java:111) - Tomcat initialized with port 80 (http)
(DirectJDKLog.java:168) - Initializing ProtocolHandler ["http-nio-80"]
(DirectJDKLog.java:168) - Starting service [Tomcat]
(DirectJDKLog.java:168) - Starting Servlet engine: [Apache Tomcat/10.1.40]
(DirectJDKLog.java:168) - Initializing Spring embedded WebApplicationContext
(ServletWebServerApplicationContext.java:301) - Root WebApplicationContext: initialization completed in 657 ms
(WelcomePageHandlerMapping.java:59) - Adding welcome page: class path resource [static/index.html]
(DirectJDKLog.java:168) - Starting ProtocolHandler ["http-nio-80"]
(TomcatWebServer.java:243) - Tomcat started on port 80 (http) with context path '/'
(StartupInfoLogger.java:59) - Started UnderTheKoreaApplication in 1.311 seconds (process running for 1.947)
(DirectJDKLog.java:168) - Initializing Spring DispatcherServlet 'dispatcherServlet'
(FrameworkServlet.java:532) - Initializing Servlet 'dispatcherServlet'
(FrameworkServlet.java:554) - Completed initialization in 1 ms
(SpringApplicationAdminMXBeanRegistrar.java:159) - Application shutdown requested.
(GracefulShutdown.java:54) - Commencing graceful shutdown. Waiting for active requests to complete
(DirectJDKLog.java:168) - Pausing ProtocolHandler ["http-nio-80"]
(GracefulShutdown.java:76) - Graceful shutdown complete
(DirectJDKLog.java:168) - Stopping ProtocolHandler ["http-nio-80"]
(StartupInfoLogger.java:53) - Starting UnderTheKoreaApplication using Java 17.0.12 with PID 31556 (C:\Web_Dev\Spring_\Spring_workspace\UnderTheKorea\bin\main started by kevin in C:\Web_Dev\Spring_\Spring_workspace\UnderTheKorea)
(StartupInfoLogger.java:54) - Running with Spring Boot v3.4.5, Spring v6.2.6
(SpringApplication.java:652) - No active profile set, falling back to 1 default profile: "default"
(TomcatWebServer.java:111) - Tomcat initialized with port 80 (http)
(DirectJDKLog.java:168) - Initializing ProtocolHandler ["http-nio-80"]
(DirectJDKLog.java:168) - Starting service [Tomcat]
(DirectJDKLog.java:168) - Starting Servlet engine: [Apache Tomcat/10.1.40]
(DirectJDKLog.java:168) - Initializing Spring embedded WebApplicationContext
(ServletWebServerApplicationContext.java:301) - Root WebApplicationContext: initialization completed in 913 ms
(WelcomePageHandlerMapping.java:59) - Adding welcome page: class path resource [static/index.html]
(DirectJDKLog.java:168) - Starting ProtocolHandler ["http-nio-80"]
(TomcatWebServer.java:243) - Tomcat started on port 80 (http) with context path '/'
(StartupInfoLogger.java:59) - Started UnderTheKoreaApplication in 1.858 seconds (process running for 3.037)
(DirectJDKLog.java:168) - Initializing Spring DispatcherServlet 'dispatcherServlet'
(FrameworkServlet.java:532) - Initializing Servlet 'dispatcherServlet'
(FrameworkServlet.java:554) - Completed initialization in 1 ms
(SpringApplicationAdminMXBeanRegistrar.java:159) - Application shutdown requested.
(GracefulShutdown.java:54) - Commencing graceful shutdown. Waiting for active requests to complete
(DirectJDKLog.java:168) - Pausing ProtocolHandler ["http-nio-80"]
(GracefulShutdown.java:76) - Graceful shutdown complete
(DirectJDKLog.java:168) - Stopping ProtocolHandler ["http-nio-80"]
(StartupInfoLogger.java:53) - Starting UnderTheKoreaApplication using Java 17.0.12 with PID 30212 (C:\Web_Dev\Spring_\Spring_workspace\UnderTheKorea\bin\main started by kevin in C:\Web_Dev\Spring_\Spring_workspace\UnderTheKorea)
(StartupInfoLogger.java:54) - Running with Spring Boot v3.4.5, Spring v6.2.6
(SpringApplication.java:652) - No active profile set, falling back to 1 default profile: "default"
(TomcatWebServer.java:111) - Tomcat initialized with port 80 (http)
(DirectJDKLog.java:168) - Initializing ProtocolHandler ["http-nio-80"]
(DirectJDKLog.java:168) - Starting service [Tomcat]
(DirectJDKLog.java:168) - Starting Servlet engine: [Apache Tomcat/10.1.40]
(DirectJDKLog.java:168) - Initializing Spring embedded WebApplicationContext
(ServletWebServerApplicationContext.java:301) - Root WebApplicationContext: initialization completed in 980 ms
(WelcomePageHandlerMapping.java:59) - Adding welcome page: class path resource [static/index.html]
(DirectJDKLog.java:168) - Starting ProtocolHandler ["http-nio-80"]
(TomcatWebServer.java:243) - Tomcat started on port 80 (http) with context path '/'
(StartupInfoLogger.java:59) - Started UnderTheKoreaApplication in 2.192 seconds (process running for 3.135)
(DirectJDKLog.java:168) - Initializing Spring DispatcherServlet 'dispatcherServlet'
(FrameworkServlet.java:532) - Initializing Servlet 'dispatcherServlet'
(FrameworkServlet.java:554) - Completed initialization in 3 ms
(SpringApplicationAdminMXBeanRegistrar.java:159) - Application shutdown requested.
(GracefulShutdown.java:54) - Commencing graceful shutdown. Waiting for active requests to complete
(DirectJDKLog.java:168) - Pausing ProtocolHandler ["http-nio-80"]
(GracefulShutdown.java:76) - Graceful shutdown complete
(DirectJDKLog.java:168) - Stopping ProtocolHandler ["http-nio-80"]
(StartupInfoLogger.java:53) - Starting UnderTheKoreaApplication using Java 17.0.12 with PID 25280 (C:\Web_Dev\Spring_\Spring_workspace\UnderTheKorea\bin\main started by kevin in C:\Web_Dev\Spring_\Spring_workspace\UnderTheKorea)
(StartupInfoLogger.java:54) - Running with Spring Boot v3.4.5, Spring v6.2.6
(SpringApplication.java:652) - No active profile set, falling back to 1 default profile: "default"
(TomcatWebServer.java:111) - Tomcat initialized with port 80 (http)
(DirectJDKLog.java:168) - Initializing ProtocolHandler ["http-nio-80"]
(DirectJDKLog.java:168) - Starting service [Tomcat]
(DirectJDKLog.java:168) - Starting Servlet engine: [Apache Tomcat/10.1.40]
(DirectJDKLog.java:168) - Initializing Spring embedded WebApplicationContext
(ServletWebServerApplicationContext.java:301) - Root WebApplicationContext: initialization completed in 1021 ms
(WelcomePageHandlerMapping.java:59) - Adding welcome page: class path resource [static/index.html]
(DirectJDKLog.java:168) - Starting ProtocolHandler ["http-nio-80"]
(TomcatWebServer.java:243) - Tomcat started on port 80 (http) with context path '/'
(StartupInfoLogger.java:59) - Started UnderTheKoreaApplication in 2.217 seconds (process running for 3.226)
(DirectJDKLog.java:168) - Initializing Spring DispatcherServlet 'dispatcherServlet'
(FrameworkServlet.java:532) - Initializing Servlet 'dispatcherServlet'
(FrameworkServlet.java:554) - Completed initialization in 1 ms
(SpringApplicationAdminMXBeanRegistrar.java:159) - Application shutdown requested.
(GracefulShutdown.java:54) - Commencing graceful shutdown. Waiting for active requests to complete
(DirectJDKLog.java:168) - Pausing ProtocolHandler ["http-nio-80"]
(GracefulShutdown.java:76) - Graceful shutdown complete
(DirectJDKLog.java:168) - Stopping ProtocolHandler ["http-nio-80"]
(StartupInfoLogger.java:53) - Starting UnderTheKoreaApplication using Java 17.0.12 with PID 29660 (C:\Web_Dev\Spring_\Spring_workspace\UnderTheKorea\bin\main started by kevin in C:\Web_Dev\Spring_\Spring_workspace\UnderTheKorea)
(StartupInfoLogger.java:54) - Running with Spring Boot v3.4.5, Spring v6.2.6
(SpringApplication.java:652) - No active profile set, falling back to 1 default profile: "default"
(TomcatWebServer.java:111) - Tomcat initialized with port 80 (http)
(DirectJDKLog.java:168) - Initializing ProtocolHandler ["http-nio-80"]
(DirectJDKLog.java:168) - Starting service [Tomcat]
(DirectJDKLog.java:168) - Starting Servlet engine: [Apache Tomcat/10.1.40]
(DirectJDKLog.java:168) - Initializing Spring embedded WebApplicationContext
(ServletWebServerApplicationContext.java:301) - Root WebApplicationContext: initialization completed in 719 ms
(WelcomePageHandlerMapping.java:59) - Adding welcome page: class path resource [static/index.html]
(DirectJDKLog.java:168) - Starting ProtocolHandler ["http-nio-80"]
(TomcatWebServer.java:243) - Tomcat started on port 80 (http) with context path '/'
(StartupInfoLogger.java:59) - Started UnderTheKoreaApplication in 1.478 seconds (process running for 2.242)
(DirectJDKLog.java:168) - Initializing Spring DispatcherServlet 'dispatcherServlet'
(FrameworkServlet.java:532) - Initializing Servlet 'dispatcherServlet'
(FrameworkServlet.java:554) - Completed initialization in 1 ms
(SpringApplicationAdminMXBeanRegistrar.java:159) - Application shutdown requested.
(GracefulShutdown.java:54) - Commencing graceful shutdown. Waiting for active requests to complete
(DirectJDKLog.java:168) - Pausing ProtocolHandler ["http-nio-80"]
(GracefulShutdown.java:76) - Graceful shutdown complete
(DirectJDKLog.java:168) - Stopping ProtocolHandler ["http-nio-80"]
(StartupInfoLogger.java:53) - Starting UnderTheKoreaApplication using Java 17.0.12 with PID 29140 (C:\Web_Dev\Spring_\Spring_workspace\UnderTheKorea\bin\main started by kevin in C:\Web_Dev\Spring_\Spring_workspace\UnderTheKorea)
(StartupInfoLogger.java:54) - Running with Spring Boot v3.4.5, Spring v6.2.6
(SpringApplication.java:652) - No active profile set, falling back to 1 default profile: "default"
(TomcatWebServer.java:111) - Tomcat initialized with port 80 (http)
(DirectJDKLog.java:168) - Initializing ProtocolHandler ["http-nio-80"]
(DirectJDKLog.java:168) - Starting service [Tomcat]
(DirectJDKLog.java:168) - Starting Servlet engine: [Apache Tomcat/10.1.40]
(DirectJDKLog.java:168) - Initializing Spring embedded WebApplicationContext
(ServletWebServerApplicationContext.java:301) - Root WebApplicationContext: initialization completed in 1415 ms
(WelcomePageHandlerMapping.java:59) - Adding welcome page: class path resource [static/index.html]
(DirectJDKLog.java:168) - Starting ProtocolHandler ["http-nio-80"]
(TomcatWebServer.java:243) - Tomcat started on port 80 (http) with context path '/'
(StartupInfoLogger.java:59) - Started UnderTheKoreaApplication in 2.618 seconds (process running for 3.538)
(DirectJDKLog.java:168) - Initializing Spring DispatcherServlet 'dispatcherServlet'
(FrameworkServlet.java:532) - Initializing Servlet 'dispatcherServlet'
(FrameworkServlet.java:554) - Completed initialization in 2 ms
(SpringApplicationAdminMXBeanRegistrar.java:159) - Application shutdown requested.
(GracefulShutdown.java:54) - Commencing graceful shutdown. Waiting for active requests to complete
(DirectJDKLog.java:168) - Pausing ProtocolHandler ["http-nio-80"]
(GracefulShutdown.java:76) - Graceful shutdown complete
(DirectJDKLog.java:168) - Stopping ProtocolHandler ["http-nio-80"]
(StartupInfoLogger.java:53) - Starting UnderTheKoreaApplication using Java 17.0.12 with PID 4180 (C:\Web_Dev\Spring_\Spring_workspace\UnderTheKorea\bin\main started by kevin in C:\Web_Dev\Spring_\Spring_workspace\UnderTheKorea)
(StartupInfoLogger.java:54) - Running with Spring Boot v3.4.5, Spring v6.2.6
(SpringApplication.java:652) - No active profile set, falling back to 1 default profile: "default"
(TomcatWebServer.java:111) - Tomcat initialized with port 80 (http)
(DirectJDKLog.java:168) - Initializing ProtocolHandler ["http-nio-80"]
(DirectJDKLog.java:168) - Starting service [Tomcat]
(DirectJDKLog.java:168) - Starting Servlet engine: [Apache Tomcat/10.1.40]
(DirectJDKLog.java:168) - Initializing Spring embedded WebApplicationContext
(ServletWebServerApplicationContext.java:301) - Root WebApplicationContext: initialization completed in 1110 ms
(WelcomePageHandlerMapping.java:59) - Adding welcome page: class path resource [static/index.html]
(DirectJDKLog.java:168) - Starting ProtocolHandler ["http-nio-80"]
(TomcatWebServer.java:243) - Tomcat started on port 80 (http) with context path '/'
(StartupInfoLogger.java:59) - Started UnderTheKoreaApplication in 2.341 seconds (process running for 3.325)
(DirectJDKLog.java:168) - Initializing Spring DispatcherServlet 'dispatcherServlet'
(FrameworkServlet.java:532) - Initializing Servlet 'dispatcherServlet'
(FrameworkServlet.java:554) - Completed initialization in 0 ms
(SpringApplicationAdminMXBeanRegistrar.java:159) - Application shutdown requested.
(GracefulShutdown.java:54) - Commencing graceful shutdown. Waiting for active requests to complete
(DirectJDKLog.java:168) - Pausing ProtocolHandler ["http-nio-80"]
(GracefulShutdown.java:76) - Graceful shutdown complete
(DirectJDKLog.java:168) - Stopping ProtocolHandler ["http-nio-80"]
(StartupInfoLogger.java:53) - Starting UnderTheKoreaApplication using Java 17.0.12 with PID 6692 (C:\Web_Dev\Spring_\Spring_workspace\UnderTheKorea\bin\main started by kevin in C:\Web_Dev\Spring_\Spring_workspace\UnderTheKorea)
(StartupInfoLogger.java:54) - Running with Spring Boot v3.4.5, Spring v6.2.6
(SpringApplication.java:652) - No active profile set, falling back to 1 default profile: "default"
(TomcatWebServer.java:111) - Tomcat initialized with port 80 (http)
(DirectJDKLog.java:168) - Initializing ProtocolHandler ["http-nio-80"]
(DirectJDKLog.java:168) - Starting service [Tomcat]
(DirectJDKLog.java:168) - Starting Servlet engine: [Apache Tomcat/10.1.40]
(DirectJDKLog.java:168) - Initializing Spring embedded WebApplicationContext
(ServletWebServerApplicationContext.java:301) - Root WebApplicationContext: initialization completed in 1296 ms
(WelcomePageHandlerMapping.java:59) - Adding welcome page: class path resource [static/index.html]
(DirectJDKLog.java:168) - Starting ProtocolHandler ["http-nio-80"]
(TomcatWebServer.java:243) - Tomcat started on port 80 (http) with context path '/'
(StartupInfoLogger.java:59) - Started UnderTheKoreaApplication in 2.488 seconds (process running for 3.471)
(DirectJDKLog.java:168) - Initializing Spring DispatcherServlet 'dispatcherServlet'
(FrameworkServlet.java:532) - Initializing Servlet 'dispatcherServlet'
(FrameworkServlet.java:554) - Completed initialization in 1 ms
(SpringApplicationAdminMXBeanRegistrar.java:159) - Application shutdown requested.
(GracefulShutdown.java:54) - Commencing graceful shutdown. Waiting for active requests to complete
(DirectJDKLog.java:168) - Pausing ProtocolHandler ["http-nio-80"]
(GracefulShutdown.java:76) - Graceful shutdown complete
(DirectJDKLog.java:168) - Stopping ProtocolHandler ["http-nio-80"]
(StartupInfoLogger.java:53) - Starting UnderTheKoreaApplication using Java 17.0.12 with PID 6740 (C:\Web_Dev\Spring_\Spring_workspace\UnderTheKorea\bin\main started by kevin in C:\Web_Dev\Spring_\Spring_workspace\UnderTheKorea)
(StartupInfoLogger.java:54) - Running with Spring Boot v3.4.5, Spring v6.2.6
(SpringApplication.java:652) - No active profile set, falling back to 1 default profile: "default"
(TomcatWebServer.java:111) - Tomcat initialized with port 80 (http)
(DirectJDKLog.java:168) - Initializing ProtocolHandler ["http-nio-80"]
(DirectJDKLog.java:168) - Starting service [Tomcat]
(DirectJDKLog.java:168) - Starting Servlet engine: [Apache Tomcat/10.1.40]
(DirectJDKLog.java:168) - Initializing Spring embedded WebApplicationContext
(ServletWebServerApplicationContext.java:301) - Root WebApplicationContext: initialization completed in 737 ms
(WelcomePageHandlerMapping.java:59) - Adding welcome page: class path resource [static/index.html]
(DirectJDKLog.java:168) - Starting ProtocolHandler ["http-nio-80"]
(TomcatWebServer.java:243) - Tomcat started on port 80 (http) with context path '/'
(StartupInfoLogger.java:59) - Started UnderTheKoreaApplication in 1.564 seconds (process running for 2.334)
(DirectJDKLog.java:168) - Initializing Spring DispatcherServlet 'dispatcherServlet'
(FrameworkServlet.java:532) - Initializing Servlet 'dispatcherServlet'
(FrameworkServlet.java:554) - Completed initialization in 1 ms
(SpringApplicationAdminMXBeanRegistrar.java:159) - Application shutdown requested.
(GracefulShutdown.java:54) - Commencing graceful shutdown. Waiting for active requests to complete
(DirectJDKLog.java:168) - Pausing ProtocolHandler ["http-nio-80"]
(GracefulShutdown.java:76) - Graceful shutdown complete
(DirectJDKLog.java:168) - Stopping ProtocolHandler ["http-nio-80"]
(StartupInfoLogger.java:53) - Starting UnderTheKoreaApplication using Java 17.0.12 with PID 9032 (C:\Web_Dev\Spring_\Spring_workspace\UnderTheKorea\bin\main started by kevin in C:\Web_Dev\Spring_\Spring_workspace\UnderTheKorea)
(StartupInfoLogger.java:54) - Running with Spring Boot v3.4.5, Spring v6.2.6
(SpringApplication.java:652) - No active profile set, falling back to 1 default profile: "default"
(TomcatWebServer.java:111) - Tomcat initialized with port 80 (http)
(DirectJDKLog.java:168) - Initializing ProtocolHandler ["http-nio-80"]
(DirectJDKLog.java:168) - Starting service [Tomcat]
(DirectJDKLog.java:168) - Starting Servlet engine: [Apache Tomcat/10.1.40]
(DirectJDKLog.java:168) - Initializing Spring embedded WebApplicationContext
(ServletWebServerApplicationContext.java:301) - Root WebApplicationContext: initialization completed in 1117 ms
(WelcomePageHandlerMapping.java:59) - Adding welcome page: class path resource [static/index.html]
(DirectJDKLog.java:168) - Starting ProtocolHandler ["http-nio-80"]
(TomcatWebServer.java:243) - Tomcat started on port 80 (http) with context path '/'
(StartupInfoLogger.java:59) - Started UnderTheKoreaApplication in 2.194 seconds (process running for 3.18)
(DirectJDKLog.java:168) - Initializing Spring DispatcherServlet 'dispatcherServlet'
(FrameworkServlet.java:532) - Initializing Servlet 'dispatcherServlet'
(FrameworkServlet.java:554) - Completed initialization in 7 ms
(SpringApplicationAdminMXBeanRegistrar.java:159) - Application shutdown requested.
(GracefulShutdown.java:54) - Commencing graceful shutdown. Waiting for active requests to complete
(DirectJDKLog.java:168) - Pausing ProtocolHandler ["http-nio-80"]
(GracefulShutdown.java:76) - Graceful shutdown complete
(DirectJDKLog.java:168) - Stopping ProtocolHandler ["http-nio-80"]
(StartupInfoLogger.java:53) - Starting UnderTheKoreaApplication using Java 17.0.12 with PID 14376 (C:\Web_Dev\Spring_\Spring_workspace\UnderTheKorea\bin\main started by kevin in C:\Web_Dev\Spring_\Spring_workspace\UnderTheKorea)
(StartupInfoLogger.java:54) - Running with Spring Boot v3.4.5, Spring v6.2.6
(SpringApplication.java:652) - No active profile set, falling back to 1 default profile: "default"
(TomcatWebServer.java:111) - Tomcat initialized with port 80 (http)
(DirectJDKLog.java:168) - Initializing ProtocolHandler ["http-nio-80"]
(DirectJDKLog.java:168) - Starting service [Tomcat]
(DirectJDKLog.java:168) - Starting Servlet engine: [Apache Tomcat/10.1.40]
(DirectJDKLog.java:168) - Initializing Spring embedded WebApplicationContext
(ServletWebServerApplicationContext.java:301) - Root WebApplicationContext: initialization completed in 1227 ms
(WelcomePageHandlerMapping.java:59) - Adding welcome page: class path resource [static/index.html]
(DirectJDKLog.java:168) - Starting ProtocolHandler ["http-nio-80"]
(TomcatWebServer.java:243) - Tomcat started on port 80 (http) with context path '/'
(StartupInfoLogger.java:59) - Started UnderTheKoreaApplication in 2.606 seconds (process running for 3.702)
(DirectJDKLog.java:168) - Initializing Spring DispatcherServlet 'dispatcherServlet'
(FrameworkServlet.java:532) - Initializing Servlet 'dispatcherServlet'
(FrameworkServlet.java:554) - Completed initialization in 2 ms
(SpringApplicationAdminMXBeanRegistrar.java:159) - Application shutdown requested.
(GracefulShutdown.java:54) - Commencing graceful shutdown. Waiting for active requests to complete
(DirectJDKLog.java:168) - Pausing ProtocolHandler ["http-nio-80"]
(GracefulShutdown.java:76) - Graceful shutdown complete
(DirectJDKLog.java:168) - Stopping ProtocolHandler ["http-nio-80"]
